<?xml version="1.0" encoding="UTF-8"?>
<coverage generated="1666928706561" clover="3.2.0">
  <project timestamp="1666928706561" name="All files">
    <metrics statements="441" coveredstatements="390" conditionals="178" coveredconditionals="121" methods="124" coveredmethods="106" elements="743" coveredelements="617" complexity="0" loc="441" ncloc="441" packages="9" files="9" classes="9"/>
    <package name="src">
      <metrics statements="1" coveredstatements="1" conditionals="0" coveredconditionals="0" methods="1" coveredmethods="1"/>
      <file name="App.js" path="D:\Rice\hw5-dgl2000\foodzoneapp\src\App.js">
        <metrics statements="1" coveredstatements="1" conditionals="0" coveredconditionals="0" methods="1" coveredmethods="1"/>
        <line num="5" count="1" type="stmt"/>
      </file>
    </package>
    <package name="src.components.landing">
      <metrics statements="3" coveredstatements="3" conditionals="0" coveredconditionals="0" methods="2" coveredmethods="2"/>
      <file name="Landing.js" path="D:\Rice\hw5-dgl2000\foodzoneapp\src\components\landing\Landing.js">
        <metrics statements="3" coveredstatements="3" conditionals="0" coveredconditionals="0" methods="2" coveredmethods="2"/>
        <line num="13" count="9" type="stmt"/>
        <line num="15" count="9" type="stmt"/>
        <line num="24" count="9" type="stmt"/>
      </file>
    </package>
    <package name="src.components.landing.login">
      <metrics statements="56" coveredstatements="46" conditionals="24" coveredconditionals="15" methods="15" coveredmethods="11"/>
      <file name="Login.js" path="D:\Rice\hw5-dgl2000\foodzoneapp\src\components\landing\login\Login.js">
        <metrics statements="56" coveredstatements="46" conditionals="24" coveredconditionals="15" methods="15" coveredmethods="11"/>
        <line num="14" count="19" type="stmt"/>
        <line num="15" count="19" type="stmt"/>
        <line num="20" count="19" type="stmt"/>
        <line num="22" count="19" type="stmt"/>
        <line num="23" count="9" type="stmt"/>
        <line num="24" count="9" type="stmt"/>
        <line num="25" count="1" type="stmt"/>
        <line num="26" count="1" type="stmt"/>
        <line num="29" count="19" type="stmt"/>
        <line num="30" count="9" type="stmt"/>
        <line num="34" count="19" type="stmt"/>
        <line num="36" count="19" type="stmt"/>
        <line num="37" count="19" type="stmt"/>
        <line num="38" count="19" type="stmt"/>
        <line num="39" count="19" type="stmt"/>
        <line num="46" count="19" type="stmt"/>
        <line num="47" count="7" type="stmt"/>
        <line num="48" count="10" type="cond" truecount="4" falsecount="0"/>
        <line num="49" count="1" type="stmt"/>
        <line num="50" count="1" type="stmt"/>
        <line num="51" count="1" type="stmt"/>
        <line num="52" count="1" type="cond" truecount="1" falsecount="1"/>
        <line num="53" count="0" type="cond" truecount="0" falsecount="2"/>
        <line num="54" count="0" type="stmt"/>
        <line num="57" count="9" type="cond" truecount="5" falsecount="0"/>
        <line num="58" count="3" type="stmt"/>
        <line num="59" count="3" type="stmt"/>
        <line num="60" count="3" type="stmt"/>
        <line num="64" count="7" type="cond" truecount="1" falsecount="1"/>
        <line num="65" count="0" type="stmt"/>
        <line num="66" count="0" type="cond" truecount="0" falsecount="5"/>
        <line num="67" count="0" type="stmt"/>
        <line num="68" count="0" type="stmt"/>
        <line num="69" count="0" type="stmt"/>
        <line num="75" count="19" type="stmt"/>
        <line num="77" count="1" type="stmt"/>
        <line num="79" count="11" type="stmt"/>
        <line num="81" count="1" type="stmt"/>
        <line num="83" count="1" type="stmt"/>
        <line num="89" count="1" type="stmt"/>
        <line num="90" count="1" type="stmt"/>
        <line num="93" count="19" type="stmt"/>
        <line num="95" count="7" type="stmt"/>
        <line num="96" count="7" type="stmt"/>
        <line num="97" count="7" type="cond" truecount="2" falsecount="0"/>
        <line num="98" count="1" type="stmt"/>
        <line num="99" count="1" type="stmt"/>
        <line num="101" count="6" type="stmt"/>
        <line num="105" count="19" type="stmt"/>
        <line num="106" count="4" type="stmt"/>
        <line num="110" count="19" type="stmt"/>
        <line num="175" count="1" type="stmt"/>
        <line num="176" count="0" type="stmt"/>
        <line num="183" count="1" type="stmt"/>
        <line num="184" count="0" type="stmt"/>
        <line num="185" count="0" type="stmt"/>
      </file>
    </package>
    <package name="src.components.landing.registration">
      <metrics statements="88" coveredstatements="67" conditionals="44" coveredconditionals="27" methods="27" coveredmethods="22"/>
      <file name="Registration.js" path="D:\Rice\hw5-dgl2000\foodzoneapp\src\components\landing\registration\Registration.js">
        <metrics statements="88" coveredstatements="67" conditionals="44" coveredconditionals="27" methods="27" coveredmethods="22"/>
        <line num="13" count="109" type="stmt"/>
        <line num="15" count="109" type="stmt"/>
        <line num="17" count="109" type="stmt"/>
        <line num="19" count="109" type="stmt"/>
        <line num="30" count="109" type="stmt"/>
        <line num="41" count="109" type="stmt"/>
        <line num="43" count="58" type="cond" truecount="2" falsecount="0"/>
        <line num="44" count="9" type="stmt"/>
        <line num="45" count="9" type="stmt"/>
        <line num="48" count="49" type="stmt"/>
        <line num="49" count="49" type="stmt"/>
        <line num="52" count="49" type="stmt"/>
        <line num="53" count="49" type="cond" truecount="1" falsecount="1"/>
        <line num="54" count="49" type="stmt"/>
        <line num="55" count="49" type="cond" truecount="2" falsecount="0"/>
        <line num="56" count="7" type="stmt"/>
        <line num="57" count="7" type="stmt"/>
        <line num="58" count="42" type="cond" truecount="1" falsecount="1"/>
        <line num="59" count="0" type="stmt"/>
        <line num="60" count="0" type="stmt"/>
        <line num="63" count="42" type="stmt"/>
        <line num="66" count="0" type="stmt"/>
        <line num="69" count="49" type="cond" truecount="2" falsecount="0"/>
        <line num="70" count="35" type="stmt"/>
        <line num="71" count="35" type="cond" truecount="2" falsecount="0"/>
        <line num="72" count="15" type="stmt"/>
        <line num="73" count="15" type="stmt"/>
        <line num="76" count="20" type="stmt"/>
        <line num="79" count="14" type="stmt"/>
        <line num="82" count="49" type="cond" truecount="2" falsecount="0"/>
        <line num="83" count="28" type="stmt"/>
        <line num="84" count="28" type="cond" truecount="2" falsecount="0"/>
        <line num="85" count="4" type="stmt"/>
        <line num="86" count="4" type="stmt"/>
        <line num="89" count="24" type="stmt"/>
        <line num="92" count="21" type="stmt"/>
        <line num="95" count="49" type="cond" truecount="2" falsecount="0"/>
        <line num="96" count="21" type="stmt"/>
        <line num="97" count="21" type="cond" truecount="2" falsecount="0"/>
        <line num="98" count="3" type="stmt"/>
        <line num="99" count="3" type="stmt"/>
        <line num="102" count="18" type="stmt"/>
        <line num="105" count="28" type="stmt"/>
        <line num="108" count="49" type="cond" truecount="1" falsecount="1"/>
        <line num="109" count="0" type="cond" truecount="0" falsecount="2"/>
        <line num="110" count="0" type="stmt"/>
        <line num="111" count="0" type="stmt"/>
        <line num="114" count="0" type="stmt"/>
        <line num="117" count="49" type="stmt"/>
        <line num="120" count="49" type="cond" truecount="4" falsecount="0"/>
        <line num="121" count="7" type="cond" truecount="2" falsecount="0"/>
        <line num="123" count="2" type="stmt"/>
        <line num="124" count="2" type="stmt"/>
        <line num="126" count="5" type="stmt"/>
        <line num="129" count="42" type="stmt"/>
        <line num="132" count="49" type="cond" truecount="2" falsecount="0"/>
        <line num="133" count="25" type="stmt"/>
        <line num="135" count="24" type="stmt"/>
        <line num="139" count="49" type="stmt"/>
        <line num="140" count="0" type="stmt"/>
        <line num="141" count="0" type="stmt"/>
        <line num="142" count="0" type="stmt"/>
        <line num="144" count="0" type="cond" truecount="0" falsecount="2"/>
        <line num="145" count="0" type="stmt"/>
        <line num="148" count="0" type="cond" truecount="0" falsecount="2"/>
        <line num="150" count="0" type="cond" truecount="0" falsecount="2"/>
        <line num="151" count="0" type="stmt"/>
        <line num="154" count="0" type="cond" truecount="0" falsecount="2"/>
        <line num="155" count="0" type="cond" truecount="0" falsecount="2"/>
        <line num="156" count="0" type="stmt"/>
        <line num="161" count="0" type="cond" truecount="0" falsecount="2"/>
        <line num="162" count="0" type="stmt"/>
        <line num="164" count="0" type="stmt"/>
        <line num="167" count="49" type="stmt"/>
        <line num="171" count="109" type="stmt"/>
        <line num="172" count="49" type="stmt"/>
        <line num="175" count="109" type="stmt"/>
        <line num="176" count="1" type="stmt"/>
        <line num="178" count="6" type="stmt"/>
        <line num="180" count="1" type="stmt"/>
        <line num="181" count="1" type="stmt"/>
        <line num="194" count="1" type="stmt"/>
        <line num="195" count="1" type="stmt"/>
        <line num="198" count="109" type="stmt"/>
        <line num="200" count="1" type="stmt"/>
        <line num="202" count="1" type="stmt"/>
        <line num="203" count="1" type="stmt"/>
        <line num="206" count="109" type="stmt"/>
      </file>
    </package>
    <package name="src.components.main">
      <metrics statements="16" coveredstatements="14" conditionals="4" coveredconditionals="2" methods="7" coveredmethods="5"/>
      <file name="Main.js" path="D:\Rice\hw5-dgl2000\foodzoneapp\src\components\main\Main.js">
        <metrics statements="16" coveredstatements="14" conditionals="4" coveredconditionals="2" methods="7" coveredmethods="5"/>
        <line num="17" count="21" type="stmt"/>
        <line num="19" count="21" type="stmt"/>
        <line num="25" count="21" type="stmt"/>
        <line num="26" count="21" type="stmt"/>
        <line num="28" count="21" type="stmt"/>
        <line num="29" count="0" type="stmt"/>
        <line num="32" count="21" type="stmt"/>
        <line num="33" count="9" type="cond" truecount="1" falsecount="1"/>
        <line num="34" count="9" type="cond" truecount="1" falsecount="1"/>
        <line num="35" count="9" type="stmt"/>
        <line num="41" count="21" type="stmt"/>
        <line num="42" count="9" type="stmt"/>
        <line num="45" count="21" type="stmt"/>
        <line num="53" count="21" type="stmt"/>
        <line num="109" count="3" type="stmt"/>
        <line num="121" count="0" type="stmt"/>
      </file>
    </package>
    <package name="src.components.main.follow">
      <metrics statements="46" coveredstatements="46" conditionals="12" coveredconditionals="10" methods="9" coveredmethods="9"/>
      <file name="Follow.js" path="D:\Rice\hw5-dgl2000\foodzoneapp\src\components\main\follow\Follow.js">
        <metrics statements="46" coveredstatements="46" conditionals="12" coveredconditionals="10" methods="9" coveredmethods="9"/>
        <line num="16" count="66" type="stmt"/>
        <line num="17" count="66" type="stmt"/>
        <line num="18" count="66" type="stmt"/>
        <line num="19" count="66" type="stmt"/>
        <line num="20" count="66" type="stmt"/>
        <line num="21" count="66" type="stmt"/>
        <line num="23" count="66" type="stmt"/>
        <line num="24" count="30" type="cond" truecount="2" falsecount="0"/>
        <line num="25" count="21" type="stmt"/>
        <line num="26" count="21" type="stmt"/>
        <line num="27" count="21" type="stmt"/>
        <line num="31" count="66" type="stmt"/>
        <line num="32" count="30" type="stmt"/>
        <line num="35" count="66" type="stmt"/>
        <line num="36" count="36" type="stmt"/>
        <line num="39" count="66" type="stmt"/>
        <line num="40" count="2" type="stmt"/>
        <line num="41" count="2" type="cond" truecount="1" falsecount="1"/>
        <line num="42" count="2" type="stmt"/>
        <line num="46" count="66" type="stmt"/>
        <line num="47" count="2" type="cond" truecount="1" falsecount="1"/>
        <line num="48" count="2" type="stmt"/>
        <line num="51" count="2" type="stmt"/>
        <line num="55" count="2" type="cond" truecount="6" falsecount="0"/>
        <line num="56" count="1" type="stmt"/>
        <line num="57" count="1" type="stmt"/>
        <line num="58" count="1" type="stmt"/>
        <line num="59" count="1" type="stmt"/>
        <line num="60" count="1" type="stmt"/>
        <line num="61" count="1" type="stmt"/>
        <line num="66" count="1" type="stmt"/>
        <line num="68" count="1" type="stmt"/>
        <line num="70" count="2" type="stmt"/>
        <line num="75" count="66" type="stmt"/>
        <line num="76" count="2" type="stmt"/>
        <line num="77" count="2" type="stmt"/>
        <line num="78" count="2" type="stmt"/>
        <line num="80" count="2" type="stmt"/>
        <line num="85" count="2" type="stmt"/>
        <line num="87" count="66" type="stmt"/>
        <line num="88" count="39" type="stmt"/>
        <line num="89" count="39" type="stmt"/>
        <line num="90" count="34" type="stmt"/>
        <line num="130" count="39" type="stmt"/>
        <line num="134" count="66" type="stmt"/>
        <line num="136" count="50" type="stmt"/>
      </file>
    </package>
    <package name="src.components.main.posts">
      <metrics statements="137" coveredstatements="126" conditionals="52" coveredconditionals="35" methods="30" coveredmethods="28"/>
      <file name="Posts.js" path="D:\Rice\hw5-dgl2000\foodzoneapp\src\components\main\posts\Posts.js">
        <metrics statements="137" coveredstatements="126" conditionals="52" coveredconditionals="35" methods="30" coveredmethods="28"/>
        <line num="30" count="76" type="stmt"/>
        <line num="31" count="76" type="stmt"/>
        <line num="32" count="76" type="stmt"/>
        <line num="33" count="76" type="stmt"/>
        <line num="34" count="76" type="stmt"/>
        <line num="35" count="76" type="stmt"/>
        <line num="36" count="76" type="stmt"/>
        <line num="38" count="76" type="stmt"/>
        <line num="39" count="76" type="stmt"/>
        <line num="40" count="76" type="stmt"/>
        <line num="41" count="76" type="stmt"/>
        <line num="43" count="76" type="stmt"/>
        <line num="44" count="76" type="stmt"/>
        <line num="46" count="76" type="stmt"/>
        <line num="51" count="76" type="stmt"/>
        <line num="59" count="76" type="stmt"/>
        <line num="61" count="76" type="stmt"/>
        <line num="62" count="21" type="cond" truecount="1" falsecount="1"/>
        <line num="63" count="21" type="cond" truecount="1" falsecount="1"/>
        <line num="64" count="21" type="stmt"/>
        <line num="65" count="21" type="stmt"/>
        <line num="67" count="21" type="cond" truecount="1" falsecount="1"/>
        <line num="68" count="21" type="stmt"/>
        <line num="69" count="21" type="stmt"/>
        <line num="74" count="76" type="stmt"/>
        <line num="75" count="9" type="stmt"/>
        <line num="76" count="9" type="stmt"/>
        <line num="77" count="7" type="stmt"/>
        <line num="79" count="7" type="stmt"/>
        <line num="83" count="76" type="stmt"/>
        <line num="84" count="37" type="stmt"/>
        <line num="85" count="37" type="stmt"/>
        <line num="86" count="37" type="stmt"/>
        <line num="87" count="37" type="stmt"/>
        <line num="88" count="1000" type="cond" truecount="2" falsecount="0"/>
        <line num="89" count="100" type="stmt"/>
        <line num="90" count="100" type="stmt"/>
        <line num="91" count="100" type="stmt"/>
        <line num="94" count="1000" type="cond" truecount="2" falsecount="0"/>
        <line num="95" count="280" type="stmt"/>
        <line num="96" count="280" type="stmt"/>
        <line num="97" count="280" type="stmt"/>
        <line num="100" count="37" type="stmt"/>
        <line num="101" count="37" type="stmt"/>
        <line num="102" count="37" type="stmt"/>
        <line num="104" count="37" type="stmt"/>
        <line num="105" count="37" type="stmt"/>
        <line num="108" count="76" type="stmt"/>
        <line num="109" count="2" type="stmt"/>
        <line num="110" count="2" type="cond" truecount="1" falsecount="1"/>
        <line num="111" count="2" type="stmt"/>
        <line num="115" count="76" type="stmt"/>
        <line num="116" count="2" type="stmt"/>
        <line num="117" count="2" type="cond" truecount="1" falsecount="1"/>
        <line num="118" count="2" type="stmt"/>
        <line num="122" count="76" type="stmt"/>
        <line num="123" count="0" type="stmt"/>
        <line num="124" count="0" type="stmt"/>
        <line num="127" count="76" type="stmt"/>
        <line num="128" count="3" type="cond" truecount="4" falsecount="0"/>
        <line num="129" count="1" type="stmt"/>
        <line num="130" count="1" type="stmt"/>
        <line num="131" count="1" type="stmt"/>
        <line num="133" count="1" type="stmt"/>
        <line num="134" count="1" type="stmt"/>
        <line num="135" count="1" type="stmt"/>
        <line num="137" count="1" type="stmt"/>
        <line num="138" count="1" type="stmt"/>
        <line num="139" count="1" type="stmt"/>
        <line num="141" count="1" type="stmt"/>
        <line num="142" count="1" type="stmt"/>
        <line num="143" count="1" type="stmt"/>
        <line num="145" count="1" type="stmt"/>
        <line num="146" count="1" type="stmt"/>
        <line num="147" count="1" type="stmt"/>
        <line num="149" count="1" type="stmt"/>
        <line num="151" count="1" type="stmt"/>
        <line num="152" count="1" type="stmt"/>
        <line num="154" count="2" type="cond" truecount="2" falsecount="0"/>
        <line num="155" count="1" type="stmt"/>
        <line num="157" count="2" type="cond" truecount="2" falsecount="0"/>
        <line num="158" count="1" type="stmt"/>
        <line num="163" count="76" type="stmt"/>
        <line num="164" count="0" type="stmt"/>
        <line num="165" count="0" type="stmt"/>
        <line num="166" count="0" type="stmt"/>
        <line num="167" count="0" type="stmt"/>
        <line num="171" count="76" type="stmt"/>
        <line num="172" count="39" type="stmt"/>
        <line num="173" count="39" type="stmt"/>
        <line num="174" count="431" type="stmt"/>
        <line num="249" count="39" type="stmt"/>
        <line num="253" count="76" type="stmt"/>
        <line num="254" count="1" type="cond" truecount="1" falsecount="1"/>
        <line num="255" count="1" type="stmt"/>
        <line num="257" count="1" type="stmt"/>
        <line num="258" count="40" type="cond" truecount="2" falsecount="0"/>
        <line num="259" count="10" type="cond" truecount="1" falsecount="1"/>
        <line num="260" count="10" type="stmt"/>
        <line num="265" count="1" type="stmt"/>
        <line num="266" count="40" type="cond" truecount="1" falsecount="1"/>
        <line num="267" count="0" type="cond" truecount="0" falsecount="2"/>
        <line num="268" count="0" type="stmt"/>
        <line num="273" count="1" type="stmt"/>
        <line num="274" count="40" type="cond" truecount="1" falsecount="1"/>
        <line num="275" count="0" type="cond" truecount="0" falsecount="2"/>
        <line num="276" count="0" type="stmt"/>
        <line num="280" count="1" type="stmt"/>
        <line num="281" count="1" type="stmt"/>
        <line num="282" count="40" type="cond" truecount="2" falsecount="0"/>
        <line num="283" count="10" type="stmt"/>
        <line num="288" count="1" type="stmt"/>
        <line num="289" count="1" type="stmt"/>
        <line num="290" count="40" type="cond" truecount="2" falsecount="0"/>
        <line num="291" count="10" type="stmt"/>
        <line num="295" count="1" type="stmt"/>
        <line num="296" count="1" type="stmt"/>
        <line num="297" count="40" type="cond" truecount="2" falsecount="0"/>
        <line num="298" count="10" type="stmt"/>
        <line num="302" count="1" type="stmt"/>
        <line num="303" count="1" type="stmt"/>
        <line num="304" count="1" type="stmt"/>
        <line num="306" count="1" type="stmt"/>
        <line num="308" count="0" type="stmt"/>
        <line num="312" count="76" type="stmt"/>
        <line num="313" count="1" type="stmt"/>
        <line num="316" count="76" type="stmt"/>
        <line num="317" count="9" type="stmt"/>
        <line num="321" count="76" type="stmt"/>
        <line num="322" count="21" type="stmt"/>
        <line num="323" count="21" type="stmt"/>
        <line num="327" count="76" type="stmt"/>
        <line num="328" count="16" type="stmt"/>
        <line num="331" count="76" type="stmt"/>
        <line num="332" count="38" type="stmt"/>
        <line num="335" count="76" type="stmt"/>
        <line num="492" count="971" type="stmt"/>
      </file>
    </package>
    <package name="src.components.main.user">
      <metrics statements="26" coveredstatements="25" conditionals="10" coveredconditionals="5" methods="7" coveredmethods="6"/>
      <file name="User.js" path="D:\Rice\hw5-dgl2000\foodzoneapp\src\components\main\user\User.js">
        <metrics statements="26" coveredstatements="25" conditionals="10" coveredconditionals="5" methods="7" coveredmethods="6"/>
        <line num="21" count="46" type="stmt"/>
        <line num="22" count="46" type="stmt"/>
        <line num="23" count="46" type="stmt"/>
        <line num="26" count="46" type="stmt"/>
        <line num="27" count="18" type="cond" truecount="1" falsecount="1"/>
        <line num="28" count="18" type="cond" truecount="1" falsecount="1"/>
        <line num="29" count="18" type="stmt"/>
        <line num="31" count="18" type="cond" truecount="1" falsecount="1"/>
        <line num="32" count="18" type="cond" truecount="1" falsecount="1"/>
        <line num="33" count="18" type="stmt"/>
        <line num="39" count="46" type="stmt"/>
        <line num="42" count="46" type="stmt"/>
        <line num="43" count="1" type="stmt"/>
        <line num="44" count="1" type="stmt"/>
        <line num="47" count="46" type="stmt"/>
        <line num="48" count="0" type="stmt"/>
        <line num="50" count="46" type="stmt"/>
        <line num="51" count="18" type="stmt"/>
        <line num="54" count="46" type="stmt"/>
        <line num="55" count="1" type="stmt"/>
        <line num="58" count="46" type="stmt"/>
        <line num="59" count="1" type="cond" truecount="1" falsecount="1"/>
        <line num="60" count="1" type="stmt"/>
        <line num="61" count="1" type="stmt"/>
        <line num="62" count="1" type="stmt"/>
        <line num="66" count="46" type="stmt"/>
      </file>
    </package>
    <package name="src.components.profile">
      <metrics statements="68" coveredstatements="62" conditionals="32" coveredconditionals="27" methods="26" coveredmethods="22"/>
      <file name="Profile.js" path="D:\Rice\hw5-dgl2000\foodzoneapp\src\components\profile\Profile.js">
        <metrics statements="68" coveredstatements="62" conditionals="32" coveredconditionals="27" methods="26" coveredmethods="22"/>
        <line num="18" count="26" type="stmt"/>
        <line num="19" count="26" type="stmt"/>
        <line num="20" count="26" type="stmt"/>
        <line num="23" count="26" type="stmt"/>
        <line num="32" count="26" type="stmt"/>
        <line num="41" count="26" type="stmt"/>
        <line num="49" count="26" type="stmt"/>
        <line num="51" count="4" type="stmt"/>
        <line num="53" count="4" type="cond" truecount="2" falsecount="0"/>
        <line num="54" count="1" type="stmt"/>
        <line num="56" count="4" type="cond" truecount="2" falsecount="0"/>
        <line num="57" count="1" type="stmt"/>
        <line num="59" count="4" type="cond" truecount="2" falsecount="0"/>
        <line num="60" count="1" type="stmt"/>
        <line num="63" count="4" type="cond" truecount="2" falsecount="0"/>
        <line num="64" count="1" type="stmt"/>
        <line num="66" count="4" type="stmt"/>
        <line num="68" count="1" type="stmt"/>
        <line num="69" count="1" type="stmt"/>
        <line num="73" count="26" type="stmt"/>
        <line num="74" count="6" type="stmt"/>
        <line num="77" count="26" type="stmt"/>
        <line num="79" count="11" type="cond" truecount="2" falsecount="0"/>
        <line num="80" count="5" type="stmt"/>
        <line num="81" count="5" type="stmt"/>
        <line num="84" count="6" type="stmt"/>
        <line num="85" count="6" type="stmt"/>
        <line num="86" count="6" type="cond" truecount="1" falsecount="1"/>
        <line num="87" count="6" type="stmt"/>
        <line num="88" count="6" type="cond" truecount="1" falsecount="1"/>
        <line num="89" count="0" type="stmt"/>
        <line num="90" count="0" type="stmt"/>
        <line num="92" count="6" type="stmt"/>
        <line num="95" count="0" type="stmt"/>
        <line num="98" count="6" type="cond" truecount="2" falsecount="0"/>
        <line num="99" count="1" type="stmt"/>
        <line num="100" count="1" type="cond" truecount="1" falsecount="1"/>
        <line num="101" count="0" type="stmt"/>
        <line num="102" count="0" type="stmt"/>
        <line num="105" count="1" type="stmt"/>
        <line num="108" count="5" type="stmt"/>
        <line num="111" count="6" type="cond" truecount="2" falsecount="0"/>
        <line num="112" count="2" type="stmt"/>
        <line num="113" count="2" type="cond" truecount="2" falsecount="0"/>
        <line num="114" count="1" type="stmt"/>
        <line num="115" count="1" type="stmt"/>
        <line num="118" count="1" type="stmt"/>
        <line num="121" count="4" type="stmt"/>
        <line num="124" count="6" type="cond" truecount="2" falsecount="0"/>
        <line num="125" count="2" type="stmt"/>
        <line num="126" count="2" type="cond" truecount="2" falsecount="0"/>
        <line num="127" count="1" type="stmt"/>
        <line num="128" count="1" type="stmt"/>
        <line num="131" count="1" type="stmt"/>
        <line num="134" count="4" type="stmt"/>
        <line num="138" count="6" type="cond" truecount="2" falsecount="0"/>
        <line num="139" count="4" type="stmt"/>
        <line num="141" count="2" type="stmt"/>
        <line num="144" count="6" type="stmt"/>
        <line num="148" count="26" type="stmt"/>
        <line num="151" count="26" type="stmt"/>
        <line num="152" count="0" type="stmt"/>
        <line num="155" count="26" type="stmt"/>
        <line num="156" count="5" type="cond" truecount="1" falsecount="1"/>
        <line num="157" count="5" type="cond" truecount="1" falsecount="1"/>
        <line num="158" count="5" type="stmt"/>
        <line num="159" count="5" type="stmt"/>
        <line num="163" count="26" type="stmt"/>
      </file>
    </package>
  </project>
</coverage>
