{"D:\\Rice\\hw5-dgl2000\\foodzoneapp\\src\\App.js": {"path":"D:\\Rice\\hw5-dgl2000\\foodzoneapp\\src\\App.js","statementMap":{"0":{"start":{"line":5,"column":2},"end":{"line":22,"column":4}}},"fnMap":{"0":{"name":"App","decl":{"start":{"line":4,"column":9},"end":{"line":4,"column":12}},"loc":{"start":{"line":4,"column":15},"end":{"line":23,"column":1}},"line":4}},"branchMap":{},"s":{"0":1},"f":{"0":1},"b":{},"_coverageSchema":"1a1c01bbd47fc00a2c39e90264f33305004495a9","hash":"3d11ffbc58809b77b21d47eb9e928642d1d3cc6c"}
,"D:\\Rice\\hw5-dgl2000\\foodzoneapp\\src\\components\\landing\\Landing.js": {"path":"D:\\Rice\\hw5-dgl2000\\foodzoneapp\\src\\components\\landing\\Landing.js","statementMap":{"0":{"start":{"line":13,"column":18},"end":{"line":13,"column":31}},"1":{"start":{"line":15,"column":4},"end":{"line":39,"column":6}},"2":{"start":{"line":24,"column":41},"end":{"line":24,"column":73}}},"fnMap":{"0":{"name":"Landing","decl":{"start":{"line":12,"column":9},"end":{"line":12,"column":16}},"loc":{"start":{"line":12,"column":19},"end":{"line":41,"column":1}},"line":12},"1":{"name":"(anonymous_1)","decl":{"start":{"line":24,"column":34},"end":{"line":24,"column":35}},"loc":{"start":{"line":24,"column":41},"end":{"line":24,"column":73}},"line":24}},"branchMap":{},"s":{"0":9,"1":9,"2":9},"f":{"0":9,"1":9},"b":{},"_coverageSchema":"1a1c01bbd47fc00a2c39e90264f33305004495a9","hash":"49af7cbdc2a4765eb9e99d35cffc4e01c77aed04"}
,"D:\\Rice\\hw5-dgl2000\\foodzoneapp\\src\\components\\landing\\login\\Login.js": {"path":"D:\\Rice\\hw5-dgl2000\\foodzoneapp\\src\\components\\landing\\login\\Login.js","statementMap":{"0":{"start":{"line":14,"column":36},"end":{"line":14,"column":48}},"1":{"start":{"line":15,"column":38},"end":{"line":18,"column":6}},"2":{"start":{"line":20,"column":40},"end":{"line":20,"column":55}},"3":{"start":{"line":22,"column":24},"end":{"line":27,"column":5}},"4":{"start":{"line":23,"column":24},"end":{"line":23,"column":68}},"5":{"start":{"line":24,"column":8},"end":{"line":26,"column":45}},"6":{"start":{"line":25,"column":25},"end":{"line":25,"column":35}},"7":{"start":{"line":26,"column":26},"end":{"line":26,"column":43}},"8":{"start":{"line":29,"column":4},"end":{"line":31,"column":11}},"9":{"start":{"line":30,"column":8},"end":{"line":30,"column":22}},"10":{"start":{"line":34,"column":21},"end":{"line":34,"column":34}},"11":{"start":{"line":36,"column":17},"end":{"line":36,"column":22}},"12":{"start":{"line":37,"column":17},"end":{"line":37,"column":19}},"13":{"start":{"line":38,"column":17},"end":{"line":38,"column":19}},"14":{"start":{"line":39,"column":17},"end":{"line":43,"column":5}},"15":{"start":{"line":46,"column":21},"end":{"line":73,"column":5}},"16":{"start":{"line":47,"column":8},"end":{"line":63,"column":11}},"17":{"start":{"line":48,"column":12},"end":{"line":62,"column":13}},"18":{"start":{"line":49,"column":16},"end":{"line":49,"column":30}},"19":{"start":{"line":50,"column":16},"end":{"line":50,"column":33}},"20":{"start":{"line":51,"column":16},"end":{"line":51,"column":50}},"21":{"start":{"line":52,"column":16},"end":{"line":55,"column":17}},"22":{"start":{"line":53,"column":45},"end":{"line":53,"column":111}},"23":{"start":{"line":54,"column":20},"end":{"line":54,"column":48}},"24":{"start":{"line":57,"column":16},"end":{"line":61,"column":17}},"25":{"start":{"line":58,"column":20},"end":{"line":58,"column":57}},"26":{"start":{"line":59,"column":20},"end":{"line":59,"column":53}},"27":{"start":{"line":60,"column":20},"end":{"line":60,"column":74}},"28":{"start":{"line":64,"column":8},"end":{"line":72,"column":9}},"29":{"start":{"line":65,"column":12},"end":{"line":71,"column":15}},"30":{"start":{"line":66,"column":16},"end":{"line":70,"column":17}},"31":{"start":{"line":67,"column":20},"end":{"line":67,"column":57}},"32":{"start":{"line":68,"column":20},"end":{"line":68,"column":53}},"33":{"start":{"line":69,"column":20},"end":{"line":69,"column":74}},"34":{"start":{"line":75,"column":28},"end":{"line":91,"column":5}},"35":{"start":{"line":77,"column":28},"end":{"line":79,"column":27}},"36":{"start":{"line":79,"column":23},"end":{"line":79,"column":26}},"37":{"start":{"line":81,"column":34},"end":{"line":81,"column":78}},"38":{"start":{"line":83,"column":19},"end":{"line":88,"column":9}},"39":{"start":{"line":89,"column":8},"end":{"line":89,"column":59}},"40":{"start":{"line":90,"column":8},"end":{"line":90,"column":87}},"41":{"start":{"line":93,"column":25},"end":{"line":103,"column":5}},"42":{"start":{"line":95,"column":8},"end":{"line":95,"column":31}},"43":{"start":{"line":96,"column":8},"end":{"line":96,"column":19}},"44":{"start":{"line":97,"column":8},"end":{"line":102,"column":9}},"45":{"start":{"line":98,"column":12},"end":{"line":98,"column":30}},"46":{"start":{"line":99,"column":12},"end":{"line":99,"column":30}},"47":{"start":{"line":101,"column":12},"end":{"line":101,"column":32}},"48":{"start":{"line":105,"column":25},"end":{"line":107,"column":5}},"49":{"start":{"line":106,"column":8},"end":{"line":106,"column":80}},"50":{"start":{"line":110,"column":4},"end":{"line":170,"column":6}},"51":{"start":{"line":175,"column":24},"end":{"line":181,"column":1}},"52":{"start":{"line":176,"column":4},"end":{"line":180,"column":5}},"53":{"start":{"line":183,"column":27},"end":{"line":187,"column":1}},"54":{"start":{"line":184,"column":4},"end":{"line":186,"column":5}},"55":{"start":{"line":185,"column":36},"end":{"line":185,"column":68}}},"fnMap":{"0":{"name":"Login","decl":{"start":{"line":13,"column":9},"end":{"line":13,"column":14}},"loc":{"start":{"line":13,"column":17},"end":{"line":171,"column":1}},"line":13},"1":{"name":"(anonymous_1)","decl":{"start":{"line":22,"column":24},"end":{"line":22,"column":25}},"loc":{"start":{"line":22,"column":30},"end":{"line":27,"column":5}},"line":22},"2":{"name":"(anonymous_2)","decl":{"start":{"line":25,"column":18},"end":{"line":25,"column":19}},"loc":{"start":{"line":25,"column":25},"end":{"line":25,"column":35}},"line":25},"3":{"name":"(anonymous_3)","decl":{"start":{"line":26,"column":18},"end":{"line":26,"column":19}},"loc":{"start":{"line":26,"column":26},"end":{"line":26,"column":43}},"line":26},"4":{"name":"(anonymous_4)","decl":{"start":{"line":29,"column":14},"end":{"line":29,"column":15}},"loc":{"start":{"line":29,"column":20},"end":{"line":31,"column":5}},"line":29},"5":{"name":"(anonymous_5)","decl":{"start":{"line":46,"column":21},"end":{"line":46,"column":22}},"loc":{"start":{"line":46,"column":27},"end":{"line":73,"column":5}},"line":46},"6":{"name":"(anonymous_6)","decl":{"start":{"line":47,"column":25},"end":{"line":47,"column":26}},"loc":{"start":{"line":47,"column":35},"end":{"line":63,"column":9}},"line":47},"7":{"name":"(anonymous_7)","decl":{"start":{"line":65,"column":29},"end":{"line":65,"column":30}},"loc":{"start":{"line":65,"column":39},"end":{"line":71,"column":13}},"line":65},"8":{"name":"(anonymous_8)","decl":{"start":{"line":75,"column":28},"end":{"line":75,"column":29}},"loc":{"start":{"line":75,"column":34},"end":{"line":91,"column":5}},"line":75},"9":{"name":"(anonymous_9)","decl":{"start":{"line":79,"column":17},"end":{"line":79,"column":18}},"loc":{"start":{"line":79,"column":23},"end":{"line":79,"column":26}},"line":79},"10":{"name":"(anonymous_10)","decl":{"start":{"line":93,"column":25},"end":{"line":93,"column":26}},"loc":{"start":{"line":93,"column":36},"end":{"line":103,"column":5}},"line":93},"11":{"name":"(anonymous_11)","decl":{"start":{"line":105,"column":25},"end":{"line":105,"column":26}},"loc":{"start":{"line":105,"column":36},"end":{"line":107,"column":5}},"line":105},"12":{"name":"(anonymous_12)","decl":{"start":{"line":175,"column":24},"end":{"line":175,"column":25}},"loc":{"start":{"line":175,"column":35},"end":{"line":181,"column":1}},"line":175},"13":{"name":"(anonymous_13)","decl":{"start":{"line":183,"column":27},"end":{"line":183,"column":28}},"loc":{"start":{"line":183,"column":41},"end":{"line":187,"column":1}},"line":183},"14":{"name":"(anonymous_14)","decl":{"start":{"line":185,"column":28},"end":{"line":185,"column":29}},"loc":{"start":{"line":185,"column":36},"end":{"line":185,"column":68}},"line":185}},"branchMap":{"0":{"loc":{"start":{"line":48,"column":12},"end":{"line":62,"column":13}},"type":"if","locations":[{"start":{"line":48,"column":12},"end":{"line":62,"column":13}},{"start":{"line":56,"column":19},"end":{"line":62,"column":13}}],"line":48},"1":{"loc":{"start":{"line":48,"column":16},"end":{"line":48,"column":104}},"type":"binary-expr","locations":[{"start":{"line":48,"column":16},"end":{"line":48,"column":55}},{"start":{"line":48,"column":59},"end":{"line":48,"column":104}}],"line":48},"2":{"loc":{"start":{"line":52,"column":16},"end":{"line":55,"column":17}},"type":"if","locations":[{"start":{"line":52,"column":16},"end":{"line":55,"column":17}},{"start":{},"end":{}}],"line":52},"3":{"loc":{"start":{"line":53,"column":56},"end":{"line":53,"column":110}},"type":"binary-expr","locations":[{"start":{"line":53,"column":56},"end":{"line":53,"column":102}},{"start":{"line":53,"column":106},"end":{"line":53,"column":110}}],"line":53},"4":{"loc":{"start":{"line":57,"column":16},"end":{"line":61,"column":17}},"type":"if","locations":[{"start":{"line":57,"column":16},"end":{"line":61,"column":17}},{"start":{},"end":{}}],"line":57},"5":{"loc":{"start":{"line":57,"column":20},"end":{"line":57,"column":94}},"type":"binary-expr","locations":[{"start":{"line":57,"column":20},"end":{"line":57,"column":42}},{"start":{"line":57,"column":46},"end":{"line":57,"column":68}},{"start":{"line":57,"column":72},"end":{"line":57,"column":94}}],"line":57},"6":{"loc":{"start":{"line":64,"column":8},"end":{"line":72,"column":9}},"type":"if","locations":[{"start":{"line":64,"column":8},"end":{"line":72,"column":9}},{"start":{},"end":{}}],"line":64},"7":{"loc":{"start":{"line":66,"column":16},"end":{"line":70,"column":17}},"type":"if","locations":[{"start":{"line":66,"column":16},"end":{"line":70,"column":17}},{"start":{},"end":{}}],"line":66},"8":{"loc":{"start":{"line":66,"column":20},"end":{"line":66,"column":109}},"type":"binary-expr","locations":[{"start":{"line":66,"column":20},"end":{"line":66,"column":47}},{"start":{"line":66,"column":51},"end":{"line":66,"column":78}},{"start":{"line":66,"column":82},"end":{"line":66,"column":109}}],"line":66},"9":{"loc":{"start":{"line":97,"column":8},"end":{"line":102,"column":9}},"type":"if","locations":[{"start":{"line":97,"column":8},"end":{"line":102,"column":9}},{"start":{"line":100,"column":15},"end":{"line":102,"column":9}}],"line":97},"10":{"loc":{"start":{"line":120,"column":33},"end":{"line":120,"column":141}},"type":"binary-expr","locations":[{"start":{"line":120,"column":33},"end":{"line":120,"column":43}},{"start":{"line":120,"column":47},"end":{"line":120,"column":141}}],"line":120}},"s":{"0":19,"1":19,"2":19,"3":19,"4":9,"5":9,"6":1,"7":1,"8":19,"9":9,"10":19,"11":19,"12":19,"13":19,"14":19,"15":19,"16":7,"17":10,"18":1,"19":1,"20":1,"21":1,"22":0,"23":0,"24":9,"25":3,"26":3,"27":3,"28":7,"29":0,"30":0,"31":0,"32":0,"33":0,"34":19,"35":1,"36":11,"37":1,"38":1,"39":1,"40":1,"41":19,"42":7,"43":7,"44":7,"45":1,"46":1,"47":6,"48":19,"49":4,"50":19,"51":1,"52":0,"53":1,"54":0,"55":0},"f":{"0":19,"1":9,"2":1,"3":1,"4":9,"5":7,"6":10,"7":0,"8":1,"9":11,"10":7,"11":4,"12":0,"13":0,"14":0},"b":{"0":[1,9],"1":[10,1],"2":[0,1],"3":[0,0],"4":[3,6],"5":[9,8,7],"6":[0,7],"7":[0,0],"8":[0,0,0],"9":[1,6],"10":[19,5]},"_coverageSchema":"1a1c01bbd47fc00a2c39e90264f33305004495a9","hash":"4f9e32cd330171042854b2bc53091a630399398c"}
,"D:\\Rice\\hw5-dgl2000\\foodzoneapp\\src\\components\\landing\\registration\\Registration.js": {"path":"D:\\Rice\\hw5-dgl2000\\foodzoneapp\\src\\components\\landing\\registration\\Registration.js","statementMap":{"0":{"start":{"line":13,"column":24},"end":{"line":13,"column":36}},"1":{"start":{"line":15,"column":21},"end":{"line":15,"column":34}},"2":{"start":{"line":17,"column":36},"end":{"line":17,"column":50}},"3":{"start":{"line":19,"column":42},"end":{"line":28,"column":6}},"4":{"start":{"line":30,"column":46},"end":{"line":39,"column":6}},"5":{"start":{"line":41,"column":4},"end":{"line":169,"column":22}},"6":{"start":{"line":43,"column":8},"end":{"line":46,"column":9}},"7":{"start":{"line":44,"column":12},"end":{"line":44,"column":39}},"8":{"start":{"line":45,"column":12},"end":{"line":45,"column":18}},"9":{"start":{"line":48,"column":31},"end":{"line":137,"column":9}},"10":{"start":{"line":49,"column":40},"end":{"line":50,"column":98}},"11":{"start":{"line":52,"column":26},"end":{"line":52,"column":30}},"12":{"start":{"line":53,"column":12},"end":{"line":67,"column":13}},"13":{"start":{"line":54,"column":25},"end":{"line":54,"column":64}},"14":{"start":{"line":55,"column":16},"end":{"line":64,"column":17}},"15":{"start":{"line":56,"column":20},"end":{"line":56,"column":158}},"16":{"start":{"line":56,"column":55},"end":{"line":56,"column":155}},"17":{"start":{"line":57,"column":20},"end":{"line":57,"column":36}},"18":{"start":{"line":58,"column":23},"end":{"line":64,"column":17}},"19":{"start":{"line":59,"column":20},"end":{"line":59,"column":131}},"20":{"start":{"line":59,"column":55},"end":{"line":59,"column":128}},"21":{"start":{"line":60,"column":20},"end":{"line":60,"column":36}},"22":{"start":{"line":63,"column":20},"end":{"line":63,"column":100}},"23":{"start":{"line":63,"column":55},"end":{"line":63,"column":97}},"24":{"start":{"line":66,"column":16},"end":{"line":66,"column":96}},"25":{"start":{"line":66,"column":51},"end":{"line":66,"column":93}},"26":{"start":{"line":69,"column":12},"end":{"line":80,"column":13}},"27":{"start":{"line":70,"column":25},"end":{"line":70,"column":86}},"28":{"start":{"line":71,"column":16},"end":{"line":77,"column":17}},"29":{"start":{"line":72,"column":20},"end":{"line":72,"column":151}},"30":{"start":{"line":72,"column":55},"end":{"line":72,"column":148}},"31":{"start":{"line":73,"column":20},"end":{"line":73,"column":36}},"32":{"start":{"line":76,"column":20},"end":{"line":76,"column":101}},"33":{"start":{"line":76,"column":55},"end":{"line":76,"column":98}},"34":{"start":{"line":79,"column":16},"end":{"line":79,"column":97}},"35":{"start":{"line":79,"column":51},"end":{"line":79,"column":94}},"36":{"start":{"line":82,"column":12},"end":{"line":93,"column":13}},"37":{"start":{"line":83,"column":25},"end":{"line":83,"column":67}},"38":{"start":{"line":84,"column":16},"end":{"line":90,"column":17}},"39":{"start":{"line":85,"column":20},"end":{"line":85,"column":141}},"40":{"start":{"line":85,"column":55},"end":{"line":85,"column":138}},"41":{"start":{"line":86,"column":20},"end":{"line":86,"column":36}},"42":{"start":{"line":89,"column":20},"end":{"line":89,"column":100}},"43":{"start":{"line":89,"column":55},"end":{"line":89,"column":97}},"44":{"start":{"line":92,"column":16},"end":{"line":92,"column":96}},"45":{"start":{"line":92,"column":51},"end":{"line":92,"column":93}},"46":{"start":{"line":95,"column":12},"end":{"line":106,"column":13}},"47":{"start":{"line":96,"column":25},"end":{"line":96,"column":49}},"48":{"start":{"line":97,"column":16},"end":{"line":103,"column":17}},"49":{"start":{"line":98,"column":20},"end":{"line":98,"column":125}},"50":{"start":{"line":98,"column":55},"end":{"line":98,"column":122}},"51":{"start":{"line":99,"column":20},"end":{"line":99,"column":36}},"52":{"start":{"line":102,"column":20},"end":{"line":102,"column":95}},"53":{"start":{"line":102,"column":55},"end":{"line":102,"column":92}},"54":{"start":{"line":105,"column":16},"end":{"line":105,"column":91}},"55":{"start":{"line":105,"column":51},"end":{"line":105,"column":88}},"56":{"start":{"line":108,"column":12},"end":{"line":118,"column":13}},"57":{"start":{"line":109,"column":16},"end":{"line":115,"column":17}},"58":{"start":{"line":110,"column":20},"end":{"line":110,"column":154}},"59":{"start":{"line":110,"column":55},"end":{"line":110,"column":151}},"60":{"start":{"line":111,"column":20},"end":{"line":111,"column":36}},"61":{"start":{"line":114,"column":20},"end":{"line":114,"column":101}},"62":{"start":{"line":114,"column":55},"end":{"line":114,"column":98}},"63":{"start":{"line":117,"column":16},"end":{"line":117,"column":97}},"64":{"start":{"line":117,"column":51},"end":{"line":117,"column":94}},"65":{"start":{"line":120,"column":12},"end":{"line":130,"column":13}},"66":{"start":{"line":121,"column":16},"end":{"line":127,"column":17}},"67":{"start":{"line":123,"column":20},"end":{"line":123,"column":113}},"68":{"start":{"line":123,"column":55},"end":{"line":123,"column":110}},"69":{"start":{"line":124,"column":20},"end":{"line":124,"column":36}},"70":{"start":{"line":126,"column":20},"end":{"line":126,"column":96}},"71":{"start":{"line":126,"column":55},"end":{"line":126,"column":93}},"72":{"start":{"line":129,"column":16},"end":{"line":129,"column":92}},"73":{"start":{"line":129,"column":51},"end":{"line":129,"column":89}},"74":{"start":{"line":132,"column":12},"end":{"line":136,"column":13}},"75":{"start":{"line":133,"column":16},"end":{"line":133,"column":28}},"76":{"start":{"line":135,"column":16},"end":{"line":135,"column":29}},"77":{"start":{"line":139,"column":28},"end":{"line":166,"column":9}},"78":{"start":{"line":140,"column":27},"end":{"line":140,"column":42}},"79":{"start":{"line":141,"column":30},"end":{"line":141,"column":40}},"80":{"start":{"line":142,"column":29},"end":{"line":142,"column":33}},"81":{"start":{"line":144,"column":12},"end":{"line":146,"column":13}},"82":{"start":{"line":145,"column":16},"end":{"line":145,"column":35}},"83":{"start":{"line":148,"column":12},"end":{"line":159,"column":13}},"84":{"start":{"line":150,"column":16},"end":{"line":152,"column":17}},"85":{"start":{"line":151,"column":20},"end":{"line":151,"column":39}},"86":{"start":{"line":154,"column":16},"end":{"line":158,"column":17}},"87":{"start":{"line":155,"column":20},"end":{"line":157,"column":21}},"88":{"start":{"line":156,"column":24},"end":{"line":156,"column":43}},"89":{"start":{"line":161,"column":12},"end":{"line":165,"column":13}},"90":{"start":{"line":162,"column":16},"end":{"line":162,"column":28}},"91":{"start":{"line":164,"column":16},"end":{"line":164,"column":29}},"92":{"start":{"line":167,"column":8},"end":{"line":167,"column":39}},"93":{"start":{"line":171,"column":25},"end":{"line":173,"column":5}},"94":{"start":{"line":172,"column":8},"end":{"line":172,"column":84}},"95":{"start":{"line":175,"column":28},"end":{"line":196,"column":5}},"96":{"start":{"line":176,"column":28},"end":{"line":178,"column":27}},"97":{"start":{"line":178,"column":23},"end":{"line":178,"column":26}},"98":{"start":{"line":180,"column":34},"end":{"line":180,"column":78}},"99":{"start":{"line":181,"column":19},"end":{"line":193,"column":9}},"100":{"start":{"line":194,"column":8},"end":{"line":194,"column":59}},"101":{"start":{"line":195,"column":8},"end":{"line":195,"column":115}},"102":{"start":{"line":198,"column":25},"end":{"line":204,"column":5}},"103":{"start":{"line":200,"column":8},"end":{"line":200,"column":31}},"104":{"start":{"line":202,"column":8},"end":{"line":202,"column":26}},"105":{"start":{"line":203,"column":8},"end":{"line":203,"column":26}},"106":{"start":{"line":206,"column":4},"end":{"line":366,"column":6}}},"fnMap":{"0":{"name":"Registration","decl":{"start":{"line":11,"column":9},"end":{"line":11,"column":21}},"loc":{"start":{"line":11,"column":24},"end":{"line":367,"column":1}},"line":11},"1":{"name":"(anonymous_1)","decl":{"start":{"line":41,"column":14},"end":{"line":41,"column":15}},"loc":{"start":{"line":41,"column":20},"end":{"line":169,"column":5}},"line":41},"2":{"name":"(anonymous_2)","decl":{"start":{"line":48,"column":31},"end":{"line":48,"column":32}},"loc":{"start":{"line":48,"column":37},"end":{"line":137,"column":9}},"line":48},"3":{"name":"(anonymous_3)","decl":{"start":{"line":56,"column":37},"end":{"line":56,"column":38}},"loc":{"start":{"line":56,"column":55},"end":{"line":56,"column":155}},"line":56},"4":{"name":"(anonymous_4)","decl":{"start":{"line":59,"column":37},"end":{"line":59,"column":38}},"loc":{"start":{"line":59,"column":55},"end":{"line":59,"column":128}},"line":59},"5":{"name":"(anonymous_5)","decl":{"start":{"line":63,"column":37},"end":{"line":63,"column":38}},"loc":{"start":{"line":63,"column":55},"end":{"line":63,"column":97}},"line":63},"6":{"name":"(anonymous_6)","decl":{"start":{"line":66,"column":33},"end":{"line":66,"column":34}},"loc":{"start":{"line":66,"column":51},"end":{"line":66,"column":93}},"line":66},"7":{"name":"(anonymous_7)","decl":{"start":{"line":72,"column":37},"end":{"line":72,"column":38}},"loc":{"start":{"line":72,"column":55},"end":{"line":72,"column":148}},"line":72},"8":{"name":"(anonymous_8)","decl":{"start":{"line":76,"column":37},"end":{"line":76,"column":38}},"loc":{"start":{"line":76,"column":55},"end":{"line":76,"column":98}},"line":76},"9":{"name":"(anonymous_9)","decl":{"start":{"line":79,"column":33},"end":{"line":79,"column":34}},"loc":{"start":{"line":79,"column":51},"end":{"line":79,"column":94}},"line":79},"10":{"name":"(anonymous_10)","decl":{"start":{"line":85,"column":37},"end":{"line":85,"column":38}},"loc":{"start":{"line":85,"column":55},"end":{"line":85,"column":138}},"line":85},"11":{"name":"(anonymous_11)","decl":{"start":{"line":89,"column":37},"end":{"line":89,"column":38}},"loc":{"start":{"line":89,"column":55},"end":{"line":89,"column":97}},"line":89},"12":{"name":"(anonymous_12)","decl":{"start":{"line":92,"column":33},"end":{"line":92,"column":34}},"loc":{"start":{"line":92,"column":51},"end":{"line":92,"column":93}},"line":92},"13":{"name":"(anonymous_13)","decl":{"start":{"line":98,"column":37},"end":{"line":98,"column":38}},"loc":{"start":{"line":98,"column":55},"end":{"line":98,"column":122}},"line":98},"14":{"name":"(anonymous_14)","decl":{"start":{"line":102,"column":37},"end":{"line":102,"column":38}},"loc":{"start":{"line":102,"column":55},"end":{"line":102,"column":92}},"line":102},"15":{"name":"(anonymous_15)","decl":{"start":{"line":105,"column":33},"end":{"line":105,"column":34}},"loc":{"start":{"line":105,"column":51},"end":{"line":105,"column":88}},"line":105},"16":{"name":"(anonymous_16)","decl":{"start":{"line":110,"column":37},"end":{"line":110,"column":38}},"loc":{"start":{"line":110,"column":55},"end":{"line":110,"column":151}},"line":110},"17":{"name":"(anonymous_17)","decl":{"start":{"line":114,"column":37},"end":{"line":114,"column":38}},"loc":{"start":{"line":114,"column":55},"end":{"line":114,"column":98}},"line":114},"18":{"name":"(anonymous_18)","decl":{"start":{"line":117,"column":33},"end":{"line":117,"column":34}},"loc":{"start":{"line":117,"column":51},"end":{"line":117,"column":94}},"line":117},"19":{"name":"(anonymous_19)","decl":{"start":{"line":123,"column":37},"end":{"line":123,"column":38}},"loc":{"start":{"line":123,"column":55},"end":{"line":123,"column":110}},"line":123},"20":{"name":"(anonymous_20)","decl":{"start":{"line":126,"column":37},"end":{"line":126,"column":38}},"loc":{"start":{"line":126,"column":55},"end":{"line":126,"column":93}},"line":126},"21":{"name":"(anonymous_21)","decl":{"start":{"line":129,"column":33},"end":{"line":129,"column":34}},"loc":{"start":{"line":129,"column":51},"end":{"line":129,"column":89}},"line":129},"22":{"name":"(anonymous_22)","decl":{"start":{"line":139,"column":28},"end":{"line":139,"column":29}},"loc":{"start":{"line":139,"column":39},"end":{"line":166,"column":9}},"line":139},"23":{"name":"(anonymous_23)","decl":{"start":{"line":171,"column":25},"end":{"line":171,"column":26}},"loc":{"start":{"line":171,"column":36},"end":{"line":173,"column":5}},"line":171},"24":{"name":"(anonymous_24)","decl":{"start":{"line":175,"column":28},"end":{"line":175,"column":29}},"loc":{"start":{"line":175,"column":34},"end":{"line":196,"column":5}},"line":175},"25":{"name":"(anonymous_25)","decl":{"start":{"line":178,"column":17},"end":{"line":178,"column":18}},"loc":{"start":{"line":178,"column":23},"end":{"line":178,"column":26}},"line":178},"26":{"name":"(anonymous_26)","decl":{"start":{"line":198,"column":25},"end":{"line":198,"column":26}},"loc":{"start":{"line":198,"column":36},"end":{"line":204,"column":5}},"line":198}},"branchMap":{"0":{"loc":{"start":{"line":43,"column":8},"end":{"line":46,"column":9}},"type":"if","locations":[{"start":{"line":43,"column":8},"end":{"line":46,"column":9}},{"start":{},"end":{}}],"line":43},"1":{"loc":{"start":{"line":53,"column":12},"end":{"line":67,"column":13}},"type":"if","locations":[{"start":{"line":53,"column":12},"end":{"line":67,"column":13}},{"start":{"line":65,"column":19},"end":{"line":67,"column":13}}],"line":53},"2":{"loc":{"start":{"line":55,"column":16},"end":{"line":64,"column":17}},"type":"if","locations":[{"start":{"line":55,"column":16},"end":{"line":64,"column":17}},{"start":{"line":58,"column":23},"end":{"line":64,"column":17}}],"line":55},"3":{"loc":{"start":{"line":58,"column":23},"end":{"line":64,"column":17}},"type":"if","locations":[{"start":{"line":58,"column":23},"end":{"line":64,"column":17}},{"start":{"line":62,"column":21},"end":{"line":64,"column":17}}],"line":58},"4":{"loc":{"start":{"line":69,"column":12},"end":{"line":80,"column":13}},"type":"if","locations":[{"start":{"line":69,"column":12},"end":{"line":80,"column":13}},{"start":{"line":78,"column":19},"end":{"line":80,"column":13}}],"line":69},"5":{"loc":{"start":{"line":71,"column":16},"end":{"line":77,"column":17}},"type":"if","locations":[{"start":{"line":71,"column":16},"end":{"line":77,"column":17}},{"start":{"line":74,"column":23},"end":{"line":77,"column":17}}],"line":71},"6":{"loc":{"start":{"line":82,"column":12},"end":{"line":93,"column":13}},"type":"if","locations":[{"start":{"line":82,"column":12},"end":{"line":93,"column":13}},{"start":{"line":91,"column":19},"end":{"line":93,"column":13}}],"line":82},"7":{"loc":{"start":{"line":84,"column":16},"end":{"line":90,"column":17}},"type":"if","locations":[{"start":{"line":84,"column":16},"end":{"line":90,"column":17}},{"start":{"line":87,"column":23},"end":{"line":90,"column":17}}],"line":84},"8":{"loc":{"start":{"line":95,"column":12},"end":{"line":106,"column":13}},"type":"if","locations":[{"start":{"line":95,"column":12},"end":{"line":106,"column":13}},{"start":{"line":104,"column":19},"end":{"line":106,"column":13}}],"line":95},"9":{"loc":{"start":{"line":97,"column":16},"end":{"line":103,"column":17}},"type":"if","locations":[{"start":{"line":97,"column":16},"end":{"line":103,"column":17}},{"start":{"line":100,"column":23},"end":{"line":103,"column":17}}],"line":97},"10":{"loc":{"start":{"line":108,"column":12},"end":{"line":118,"column":13}},"type":"if","locations":[{"start":{"line":108,"column":12},"end":{"line":118,"column":13}},{"start":{"line":116,"column":19},"end":{"line":118,"column":13}}],"line":108},"11":{"loc":{"start":{"line":109,"column":16},"end":{"line":115,"column":17}},"type":"if","locations":[{"start":{"line":109,"column":16},"end":{"line":115,"column":17}},{"start":{"line":112,"column":23},"end":{"line":115,"column":17}}],"line":109},"12":{"loc":{"start":{"line":120,"column":12},"end":{"line":130,"column":13}},"type":"if","locations":[{"start":{"line":120,"column":12},"end":{"line":130,"column":13}},{"start":{"line":128,"column":19},"end":{"line":130,"column":13}}],"line":120},"13":{"loc":{"start":{"line":120,"column":16},"end":{"line":120,"column":93}},"type":"binary-expr","locations":[{"start":{"line":120,"column":16},"end":{"line":120,"column":46}},{"start":{"line":120,"column":50},"end":{"line":120,"column":93}}],"line":120},"14":{"loc":{"start":{"line":121,"column":16},"end":{"line":127,"column":17}},"type":"if","locations":[{"start":{"line":121,"column":16},"end":{"line":127,"column":17}},{"start":{"line":125,"column":23},"end":{"line":127,"column":17}}],"line":121},"15":{"loc":{"start":{"line":132,"column":12},"end":{"line":136,"column":13}},"type":"if","locations":[{"start":{"line":132,"column":12},"end":{"line":136,"column":13}},{"start":{"line":134,"column":19},"end":{"line":136,"column":13}}],"line":132},"16":{"loc":{"start":{"line":144,"column":12},"end":{"line":146,"column":13}},"type":"if","locations":[{"start":{"line":144,"column":12},"end":{"line":146,"column":13}},{"start":{},"end":{}}],"line":144},"17":{"loc":{"start":{"line":148,"column":12},"end":{"line":159,"column":13}},"type":"if","locations":[{"start":{"line":148,"column":12},"end":{"line":159,"column":13}},{"start":{},"end":{}}],"line":148},"18":{"loc":{"start":{"line":150,"column":16},"end":{"line":152,"column":17}},"type":"if","locations":[{"start":{"line":150,"column":16},"end":{"line":152,"column":17}},{"start":{},"end":{}}],"line":150},"19":{"loc":{"start":{"line":154,"column":16},"end":{"line":158,"column":17}},"type":"if","locations":[{"start":{"line":154,"column":16},"end":{"line":158,"column":17}},{"start":{},"end":{}}],"line":154},"20":{"loc":{"start":{"line":155,"column":20},"end":{"line":157,"column":21}},"type":"if","locations":[{"start":{"line":155,"column":20},"end":{"line":157,"column":21}},{"start":{},"end":{}}],"line":155},"21":{"loc":{"start":{"line":161,"column":12},"end":{"line":165,"column":13}},"type":"if","locations":[{"start":{"line":161,"column":12},"end":{"line":165,"column":13}},{"start":{"line":163,"column":19},"end":{"line":165,"column":13}}],"line":161}},"s":{"0":109,"1":109,"2":109,"3":109,"4":109,"5":109,"6":58,"7":9,"8":9,"9":49,"10":49,"11":49,"12":49,"13":49,"14":49,"15":7,"16":7,"17":7,"18":42,"19":0,"20":0,"21":0,"22":42,"23":42,"24":0,"25":0,"26":49,"27":35,"28":35,"29":15,"30":15,"31":15,"32":20,"33":20,"34":14,"35":14,"36":49,"37":28,"38":28,"39":4,"40":4,"41":4,"42":24,"43":24,"44":21,"45":21,"46":49,"47":21,"48":21,"49":3,"50":3,"51":3,"52":18,"53":18,"54":28,"55":28,"56":49,"57":0,"58":0,"59":0,"60":0,"61":0,"62":0,"63":49,"64":49,"65":49,"66":7,"67":2,"68":2,"69":2,"70":5,"71":5,"72":42,"73":42,"74":49,"75":25,"76":24,"77":49,"78":0,"79":0,"80":0,"81":0,"82":0,"83":0,"84":0,"85":0,"86":0,"87":0,"88":0,"89":0,"90":0,"91":0,"92":49,"93":109,"94":49,"95":109,"96":1,"97":6,"98":1,"99":1,"100":1,"101":1,"102":109,"103":1,"104":1,"105":1,"106":109},"f":{"0":109,"1":58,"2":49,"3":7,"4":0,"5":42,"6":0,"7":15,"8":20,"9":14,"10":4,"11":24,"12":21,"13":3,"14":18,"15":28,"16":0,"17":0,"18":49,"19":2,"20":5,"21":42,"22":0,"23":49,"24":1,"25":6,"26":1},"b":{"0":[9,49],"1":[49,0],"2":[7,42],"3":[0,42],"4":[35,14],"5":[15,20],"6":[28,21],"7":[4,24],"8":[21,28],"9":[3,18],"10":[0,49],"11":[0,0],"12":[7,42],"13":[49,14],"14":[2,5],"15":[25,24],"16":[0,0],"17":[0,0],"18":[0,0],"19":[0,0],"20":[0,0],"21":[0,0]},"_coverageSchema":"1a1c01bbd47fc00a2c39e90264f33305004495a9","hash":"95d0be49e5c152462f7222719a0b2f971bc19845"}
,"D:\\Rice\\hw5-dgl2000\\foodzoneapp\\src\\components\\main\\Main.js": {"path":"D:\\Rice\\hw5-dgl2000\\foodzoneapp\\src\\components\\main\\Main.js","statementMap":{"0":{"start":{"line":17,"column":18},"end":{"line":17,"column":31}},"1":{"start":{"line":19,"column":40},"end":{"line":23,"column":6}},"2":{"start":{"line":25,"column":40},"end":{"line":25,"column":55}},"3":{"start":{"line":26,"column":24},"end":{"line":26,"column":27}},"4":{"start":{"line":28,"column":31},"end":{"line":30,"column":5}},"5":{"start":{"line":29,"column":8},"end":{"line":29,"column":35}},"6":{"start":{"line":32,"column":28},"end":{"line":39,"column":5}},"7":{"start":{"line":33,"column":8},"end":{"line":38,"column":9}},"8":{"start":{"line":34,"column":23},"end":{"line":34,"column":71}},"9":{"start":{"line":35,"column":12},"end":{"line":35,"column":42}},"10":{"start":{"line":41,"column":4},"end":{"line":43,"column":11}},"11":{"start":{"line":42,"column":8},"end":{"line":42,"column":26}},"12":{"start":{"line":45,"column":4},"end":{"line":127,"column":6}},"13":{"start":{"line":53,"column":45},"end":{"line":53,"column":68}},"14":{"start":{"line":109,"column":55},"end":{"line":109,"column":72}},"15":{"start":{"line":121,"column":51},"end":{"line":121,"column":68}}},"fnMap":{"0":{"name":"Main","decl":{"start":{"line":16,"column":9},"end":{"line":16,"column":13}},"loc":{"start":{"line":16,"column":16},"end":{"line":128,"column":1}},"line":16},"1":{"name":"(anonymous_1)","decl":{"start":{"line":28,"column":31},"end":{"line":28,"column":32}},"loc":{"start":{"line":28,"column":37},"end":{"line":30,"column":5}},"line":28},"2":{"name":"(anonymous_2)","decl":{"start":{"line":32,"column":28},"end":{"line":32,"column":29}},"loc":{"start":{"line":32,"column":40},"end":{"line":39,"column":5}},"line":32},"3":{"name":"(anonymous_3)","decl":{"start":{"line":41,"column":14},"end":{"line":41,"column":15}},"loc":{"start":{"line":41,"column":20},"end":{"line":43,"column":5}},"line":41},"4":{"name":"(anonymous_4)","decl":{"start":{"line":53,"column":34},"end":{"line":53,"column":35}},"loc":{"start":{"line":53,"column":45},"end":{"line":53,"column":68}},"line":53},"5":{"name":"(anonymous_5)","decl":{"start":{"line":109,"column":47},"end":{"line":109,"column":48}},"loc":{"start":{"line":109,"column":53},"end":{"line":109,"column":74}},"line":109},"6":{"name":"(anonymous_6)","decl":{"start":{"line":121,"column":43},"end":{"line":121,"column":44}},"loc":{"start":{"line":121,"column":49},"end":{"line":121,"column":70}},"line":121}},"branchMap":{"0":{"loc":{"start":{"line":33,"column":8},"end":{"line":38,"column":9}},"type":"if","locations":[{"start":{"line":33,"column":8},"end":{"line":38,"column":9}},{"start":{},"end":{}}],"line":33},"1":{"loc":{"start":{"line":34,"column":34},"end":{"line":34,"column":70}},"type":"binary-expr","locations":[{"start":{"line":34,"column":34},"end":{"line":34,"column":62}},{"start":{"line":34,"column":66},"end":{"line":34,"column":70}}],"line":34}},"s":{"0":21,"1":21,"2":21,"3":21,"4":21,"5":0,"6":21,"7":9,"8":9,"9":9,"10":21,"11":9,"12":21,"13":21,"14":3,"15":0},"f":{"0":21,"1":0,"2":9,"3":9,"4":21,"5":3,"6":0},"b":{"0":[9,0],"1":[9,0]},"_coverageSchema":"1a1c01bbd47fc00a2c39e90264f33305004495a9","hash":"021a0dc1562426c2c04ddae79576463a89be4c79"}
,"D:\\Rice\\hw5-dgl2000\\foodzoneapp\\src\\components\\main\\follow\\Follow.js": {"path":"D:\\Rice\\hw5-dgl2000\\foodzoneapp\\src\\components\\main\\follow\\Follow.js","statementMap":{"0":{"start":{"line":16,"column":40},"end":{"line":16,"column":52}},"1":{"start":{"line":17,"column":52},"end":{"line":17,"column":64}},"2":{"start":{"line":18,"column":52},"end":{"line":18,"column":64}},"3":{"start":{"line":19,"column":38},"end":{"line":19,"column":50}},"4":{"start":{"line":20,"column":44},"end":{"line":20,"column":56}},"5":{"start":{"line":21,"column":52},"end":{"line":21,"column":64}},"6":{"start":{"line":23,"column":28},"end":{"line":29,"column":5}},"7":{"start":{"line":24,"column":8},"end":{"line":28,"column":9}},"8":{"start":{"line":25,"column":12},"end":{"line":25,"column":54}},"9":{"start":{"line":26,"column":12},"end":{"line":26,"column":66}},"10":{"start":{"line":27,"column":12},"end":{"line":27,"column":58}},"11":{"start":{"line":31,"column":4},"end":{"line":33,"column":27}},"12":{"start":{"line":32,"column":8},"end":{"line":32,"column":26}},"13":{"start":{"line":35,"column":4},"end":{"line":37,"column":21}},"14":{"start":{"line":36,"column":8},"end":{"line":36,"column":23}},"15":{"start":{"line":39,"column":28},"end":{"line":44,"column":5}},"16":{"start":{"line":40,"column":8},"end":{"line":40,"column":41}},"17":{"start":{"line":41,"column":8},"end":{"line":43,"column":9}},"18":{"start":{"line":42,"column":12},"end":{"line":42,"column":38}},"19":{"start":{"line":46,"column":28},"end":{"line":71,"column":5}},"20":{"start":{"line":47,"column":21},"end":{"line":47,"column":69}},"21":{"start":{"line":48,"column":36},"end":{"line":49,"column":94}},"22":{"start":{"line":51,"column":40},"end":{"line":54,"column":89}},"23":{"start":{"line":55,"column":8},"end":{"line":69,"column":9}},"24":{"start":{"line":56,"column":12},"end":{"line":56,"column":39}},"25":{"start":{"line":57,"column":12},"end":{"line":57,"column":99}},"26":{"start":{"line":58,"column":12},"end":{"line":58,"column":73}},"27":{"start":{"line":59,"column":12},"end":{"line":59,"column":27}},"28":{"start":{"line":60,"column":12},"end":{"line":60,"column":29}},"29":{"start":{"line":61,"column":12},"end":{"line":65,"column":15}},"30":{"start":{"line":66,"column":12},"end":{"line":66,"column":36}},"31":{"start":{"line":68,"column":12},"end":{"line":68,"column":53}},"32":{"start":{"line":70,"column":8},"end":{"line":70,"column":25}},"33":{"start":{"line":75,"column":27},"end":{"line":86,"column":5}},"34":{"start":{"line":76,"column":8},"end":{"line":76,"column":53}},"35":{"start":{"line":77,"column":8},"end":{"line":77,"column":59}},"36":{"start":{"line":78,"column":8},"end":{"line":78,"column":55}},"37":{"start":{"line":80,"column":8},"end":{"line":84,"column":11}},"38":{"start":{"line":85,"column":8},"end":{"line":85,"column":23}},"39":{"start":{"line":87,"column":25},"end":{"line":132,"column":5}},"40":{"start":{"line":88,"column":24},"end":{"line":88,"column":26}},"41":{"start":{"line":89,"column":8},"end":{"line":129,"column":9}},"42":{"start":{"line":89,"column":21},"end":{"line":89,"column":22}},"43":{"start":{"line":90,"column":12},"end":{"line":128,"column":14}},"44":{"start":{"line":130,"column":8},"end":{"line":130,"column":39}},"45":{"start":{"line":134,"column":4},"end":{"line":171,"column":6}},"46":{"start":{"line":136,"column":52},"end":{"line":136,"column":64}}},"fnMap":{"0":{"name":"Follow","decl":{"start":{"line":14,"column":9},"end":{"line":14,"column":15}},"loc":{"start":{"line":14,"column":23},"end":{"line":172,"column":1}},"line":14},"1":{"name":"(anonymous_1)","decl":{"start":{"line":23,"column":28},"end":{"line":23,"column":29}},"loc":{"start":{"line":23,"column":40},"end":{"line":29,"column":5}},"line":23},"2":{"name":"(anonymous_2)","decl":{"start":{"line":31,"column":14},"end":{"line":31,"column":15}},"loc":{"start":{"line":31,"column":20},"end":{"line":33,"column":5}},"line":31},"3":{"name":"(anonymous_3)","decl":{"start":{"line":35,"column":14},"end":{"line":35,"column":15}},"loc":{"start":{"line":35,"column":20},"end":{"line":37,"column":5}},"line":35},"4":{"name":"(anonymous_4)","decl":{"start":{"line":39,"column":28},"end":{"line":39,"column":29}},"loc":{"start":{"line":39,"column":39},"end":{"line":44,"column":5}},"line":39},"5":{"name":"(anonymous_5)","decl":{"start":{"line":46,"column":28},"end":{"line":46,"column":29}},"loc":{"start":{"line":46,"column":34},"end":{"line":71,"column":5}},"line":46},"6":{"name":"(anonymous_6)","decl":{"start":{"line":75,"column":27},"end":{"line":75,"column":28}},"loc":{"start":{"line":75,"column":38},"end":{"line":86,"column":5}},"line":75},"7":{"name":"(anonymous_7)","decl":{"start":{"line":87,"column":25},"end":{"line":87,"column":26}},"loc":{"start":{"line":87,"column":31},"end":{"line":132,"column":5}},"line":87},"8":{"name":"(anonymous_8)","decl":{"start":{"line":136,"column":34},"end":{"line":136,"column":35}},"loc":{"start":{"line":136,"column":50},"end":{"line":136,"column":66}},"line":136}},"branchMap":{"0":{"loc":{"start":{"line":24,"column":8},"end":{"line":28,"column":9}},"type":"if","locations":[{"start":{"line":24,"column":8},"end":{"line":28,"column":9}},{"start":{},"end":{}}],"line":24},"1":{"loc":{"start":{"line":41,"column":8},"end":{"line":43,"column":9}},"type":"if","locations":[{"start":{"line":41,"column":8},"end":{"line":43,"column":9}},{"start":{},"end":{}}],"line":41},"2":{"loc":{"start":{"line":47,"column":32},"end":{"line":47,"column":68}},"type":"binary-expr","locations":[{"start":{"line":47,"column":32},"end":{"line":47,"column":60}},{"start":{"line":47,"column":64},"end":{"line":47,"column":68}}],"line":47},"3":{"loc":{"start":{"line":55,"column":8},"end":{"line":69,"column":9}},"type":"if","locations":[{"start":{"line":55,"column":8},"end":{"line":69,"column":9}},{"start":{"line":67,"column":15},"end":{"line":69,"column":9}}],"line":55},"4":{"loc":{"start":{"line":55,"column":12},"end":{"line":55,"column":142}},"type":"binary-expr","locations":[{"start":{"line":55,"column":12},"end":{"line":55,"column":28}},{"start":{"line":55,"column":32},"end":{"line":55,"column":64}},{"start":{"line":55,"column":68},"end":{"line":55,"column":107}},{"start":{"line":55,"column":111},"end":{"line":55,"column":142}}],"line":55}},"s":{"0":66,"1":66,"2":66,"3":66,"4":66,"5":66,"6":66,"7":30,"8":21,"9":21,"10":21,"11":66,"12":30,"13":66,"14":36,"15":66,"16":2,"17":2,"18":2,"19":66,"20":2,"21":2,"22":2,"23":2,"24":1,"25":1,"26":1,"27":1,"28":1,"29":1,"30":1,"31":1,"32":2,"33":66,"34":2,"35":2,"36":2,"37":2,"38":2,"39":66,"40":39,"41":39,"42":39,"43":34,"44":39,"45":66,"46":50},"f":{"0":66,"1":30,"2":30,"3":36,"4":2,"5":2,"6":2,"7":39,"8":50},"b":{"0":[21,9],"1":[2,0],"2":[2,0],"3":[1,1],"4":[2,2,1,1]},"_coverageSchema":"1a1c01bbd47fc00a2c39e90264f33305004495a9","hash":"89f485985f3c8c15b580e0abfa1a75ce8ff4adcb"}
,"D:\\Rice\\hw5-dgl2000\\foodzoneapp\\src\\components\\main\\posts\\Posts.js": {"path":"D:\\Rice\\hw5-dgl2000\\foodzoneapp\\src\\components\\main\\posts\\Posts.js","statementMap":{"0":{"start":{"line":30,"column":36},"end":{"line":30,"column":48}},"1":{"start":{"line":31,"column":36},"end":{"line":31,"column":48}},"2":{"start":{"line":32,"column":32},"end":{"line":32,"column":44}},"3":{"start":{"line":33,"column":36},"end":{"line":33,"column":48}},"4":{"start":{"line":34,"column":40},"end":{"line":34,"column":52}},"5":{"start":{"line":35,"column":34},"end":{"line":35,"column":46}},"6":{"start":{"line":36,"column":44},"end":{"line":36,"column":56}},"7":{"start":{"line":38,"column":40},"end":{"line":38,"column":52}},"8":{"start":{"line":39,"column":36},"end":{"line":39,"column":48}},"9":{"start":{"line":40,"column":46},"end":{"line":40,"column":58}},"10":{"start":{"line":41,"column":50},"end":{"line":41,"column":62}},"11":{"start":{"line":43,"column":42},"end":{"line":43,"column":54}},"12":{"start":{"line":44,"column":34},"end":{"line":44,"column":46}},"13":{"start":{"line":46,"column":44},"end":{"line":49,"column":6}},"14":{"start":{"line":51,"column":29},"end":{"line":58,"column":5}},"15":{"start":{"line":59,"column":42},"end":{"line":59,"column":54}},"16":{"start":{"line":61,"column":28},"end":{"line":71,"column":5}},"17":{"start":{"line":62,"column":8},"end":{"line":66,"column":9}},"18":{"start":{"line":63,"column":23},"end":{"line":63,"column":71}},"19":{"start":{"line":64,"column":12},"end":{"line":64,"column":42}},"20":{"start":{"line":65,"column":12},"end":{"line":65,"column":34}},"21":{"start":{"line":67,"column":8},"end":{"line":70,"column":9}},"22":{"start":{"line":68,"column":12},"end":{"line":68,"column":51}},"23":{"start":{"line":69,"column":12},"end":{"line":69,"column":51}},"24":{"start":{"line":74,"column":21},"end":{"line":81,"column":5}},"25":{"start":{"line":75,"column":24},"end":{"line":75,"column":68}},"26":{"start":{"line":76,"column":8},"end":{"line":80,"column":15}},"27":{"start":{"line":77,"column":25},"end":{"line":77,"column":35}},"28":{"start":{"line":79,"column":16},"end":{"line":79,"column":34}},"29":{"start":{"line":83,"column":24},"end":{"line":106,"column":5}},"30":{"start":{"line":84,"column":28},"end":{"line":84,"column":30}},"31":{"start":{"line":85,"column":27},"end":{"line":85,"column":29}},"32":{"start":{"line":86,"column":29},"end":{"line":86,"column":31}},"33":{"start":{"line":87,"column":8},"end":{"line":99,"column":11}},"34":{"start":{"line":88,"column":12},"end":{"line":92,"column":13}},"35":{"start":{"line":89,"column":16},"end":{"line":89,"column":45}},"36":{"start":{"line":90,"column":16},"end":{"line":90,"column":46}},"37":{"start":{"line":91,"column":16},"end":{"line":91,"column":47}},"38":{"start":{"line":94,"column":12},"end":{"line":98,"column":13}},"39":{"start":{"line":95,"column":16},"end":{"line":95,"column":78}},"40":{"start":{"line":96,"column":16},"end":{"line":96,"column":46}},"41":{"start":{"line":97,"column":16},"end":{"line":97,"column":47}},"42":{"start":{"line":100,"column":8},"end":{"line":100,"column":37}},"43":{"start":{"line":101,"column":8},"end":{"line":101,"column":39}},"44":{"start":{"line":102,"column":8},"end":{"line":102,"column":43}},"45":{"start":{"line":104,"column":8},"end":{"line":104,"column":65}},"46":{"start":{"line":105,"column":8},"end":{"line":105,"column":61}},"47":{"start":{"line":108,"column":26},"end":{"line":113,"column":5}},"48":{"start":{"line":109,"column":8},"end":{"line":109,"column":39}},"49":{"start":{"line":110,"column":8},"end":{"line":112,"column":9}},"50":{"start":{"line":111,"column":12},"end":{"line":111,"column":75}},"51":{"start":{"line":111,"column":42},"end":{"line":111,"column":72}},"52":{"start":{"line":115,"column":27},"end":{"line":120,"column":5}},"53":{"start":{"line":116,"column":8},"end":{"line":116,"column":40}},"54":{"start":{"line":117,"column":8},"end":{"line":119,"column":9}},"55":{"start":{"line":118,"column":12},"end":{"line":118,"column":76}},"56":{"start":{"line":118,"column":42},"end":{"line":118,"column":73}},"57":{"start":{"line":122,"column":24},"end":{"line":125,"column":5}},"58":{"start":{"line":123,"column":8},"end":{"line":123,"column":24}},"59":{"start":{"line":124,"column":8},"end":{"line":124,"column":23}},"60":{"start":{"line":127,"column":28},"end":{"line":161,"column":5}},"61":{"start":{"line":128,"column":8},"end":{"line":160,"column":9}},"62":{"start":{"line":129,"column":28},"end":{"line":129,"column":41}},"63":{"start":{"line":130,"column":12},"end":{"line":130,"column":40}},"64":{"start":{"line":131,"column":12},"end":{"line":131,"column":40}},"65":{"start":{"line":133,"column":30},"end":{"line":133,"column":45}},"66":{"start":{"line":134,"column":12},"end":{"line":134,"column":41}},"67":{"start":{"line":135,"column":12},"end":{"line":135,"column":44}},"68":{"start":{"line":137,"column":29},"end":{"line":137,"column":39}},"69":{"start":{"line":138,"column":12},"end":{"line":138,"column":41}},"70":{"start":{"line":139,"column":12},"end":{"line":139,"column":38}},"71":{"start":{"line":141,"column":30},"end":{"line":141,"column":37}},"72":{"start":{"line":142,"column":12},"end":{"line":142,"column":38}},"73":{"start":{"line":143,"column":12},"end":{"line":143,"column":36}},"74":{"start":{"line":145,"column":34},"end":{"line":145,"column":45}},"75":{"start":{"line":146,"column":12},"end":{"line":146,"column":43}},"76":{"start":{"line":147,"column":12},"end":{"line":147,"column":44}},"77":{"start":{"line":149,"column":12},"end":{"line":149,"column":25}},"78":{"start":{"line":151,"column":12},"end":{"line":151,"column":28}},"79":{"start":{"line":152,"column":12},"end":{"line":152,"column":27}},"80":{"start":{"line":154,"column":12},"end":{"line":156,"column":13}},"81":{"start":{"line":155,"column":16},"end":{"line":155,"column":95}},"82":{"start":{"line":155,"column":46},"end":{"line":155,"column":92}},"83":{"start":{"line":157,"column":12},"end":{"line":159,"column":13}},"84":{"start":{"line":158,"column":16},"end":{"line":158,"column":93}},"85":{"start":{"line":158,"column":46},"end":{"line":158,"column":90}},"86":{"start":{"line":163,"column":26},"end":{"line":168,"column":5}},"87":{"start":{"line":164,"column":18},"end":{"line":164,"column":29}},"88":{"start":{"line":165,"column":8},"end":{"line":165,"column":67}},"89":{"start":{"line":166,"column":8},"end":{"line":166,"column":28}},"90":{"start":{"line":167,"column":8},"end":{"line":167,"column":21}},"91":{"start":{"line":171,"column":23},"end":{"line":250,"column":5}},"92":{"start":{"line":172,"column":22},"end":{"line":172,"column":24}},"93":{"start":{"line":173,"column":8},"end":{"line":248,"column":9}},"94":{"start":{"line":173,"column":21},"end":{"line":173,"column":22}},"95":{"start":{"line":174,"column":12},"end":{"line":247,"column":14}},"96":{"start":{"line":249,"column":8},"end":{"line":249,"column":33}},"97":{"start":{"line":253,"column":31},"end":{"line":310,"column":5}},"98":{"start":{"line":254,"column":8},"end":{"line":309,"column":9}},"99":{"start":{"line":255,"column":30},"end":{"line":255,"column":32}},"100":{"start":{"line":257,"column":12},"end":{"line":263,"column":15}},"101":{"start":{"line":258,"column":16},"end":{"line":262,"column":17}},"102":{"start":{"line":259,"column":20},"end":{"line":261,"column":21}},"103":{"start":{"line":260,"column":24},"end":{"line":260,"column":44}},"104":{"start":{"line":265,"column":12},"end":{"line":271,"column":15}},"105":{"start":{"line":266,"column":16},"end":{"line":270,"column":17}},"106":{"start":{"line":267,"column":20},"end":{"line":269,"column":21}},"107":{"start":{"line":268,"column":24},"end":{"line":268,"column":44}},"108":{"start":{"line":273,"column":12},"end":{"line":279,"column":15}},"109":{"start":{"line":274,"column":16},"end":{"line":278,"column":17}},"110":{"start":{"line":275,"column":20},"end":{"line":277,"column":21}},"111":{"start":{"line":276,"column":24},"end":{"line":276,"column":44}},"112":{"start":{"line":280,"column":35},"end":{"line":280,"column":37}},"113":{"start":{"line":281,"column":12},"end":{"line":285,"column":15}},"114":{"start":{"line":282,"column":16},"end":{"line":284,"column":17}},"115":{"start":{"line":283,"column":20},"end":{"line":283,"column":45}},"116":{"start":{"line":288,"column":40},"end":{"line":288,"column":42}},"117":{"start":{"line":289,"column":12},"end":{"line":293,"column":15}},"118":{"start":{"line":290,"column":16},"end":{"line":292,"column":17}},"119":{"start":{"line":291,"column":20},"end":{"line":291,"column":50}},"120":{"start":{"line":295,"column":38},"end":{"line":295,"column":40}},"121":{"start":{"line":296,"column":12},"end":{"line":300,"column":15}},"122":{"start":{"line":297,"column":16},"end":{"line":299,"column":17}},"123":{"start":{"line":298,"column":20},"end":{"line":298,"column":48}},"124":{"start":{"line":302,"column":12},"end":{"line":302,"column":42}},"125":{"start":{"line":303,"column":12},"end":{"line":303,"column":48}},"126":{"start":{"line":304,"column":12},"end":{"line":304,"column":52}},"127":{"start":{"line":306,"column":12},"end":{"line":306,"column":31}},"128":{"start":{"line":308,"column":12},"end":{"line":308,"column":26}},"129":{"start":{"line":312,"column":30},"end":{"line":314,"column":5}},"130":{"start":{"line":313,"column":8},"end":{"line":313,"column":43}},"131":{"start":{"line":316,"column":4},"end":{"line":318,"column":11}},"132":{"start":{"line":317,"column":8},"end":{"line":317,"column":19}},"133":{"start":{"line":321,"column":4},"end":{"line":324,"column":26}},"134":{"start":{"line":322,"column":8},"end":{"line":322,"column":26}},"135":{"start":{"line":323,"column":8},"end":{"line":323,"column":22}},"136":{"start":{"line":327,"column":4},"end":{"line":329,"column":19}},"137":{"start":{"line":328,"column":8},"end":{"line":328,"column":22}},"138":{"start":{"line":331,"column":4},"end":{"line":333,"column":21}},"139":{"start":{"line":332,"column":8},"end":{"line":332,"column":21}},"140":{"start":{"line":335,"column":4},"end":{"line":496,"column":6}},"141":{"start":{"line":492,"column":56},"end":{"line":492,"column":68}}},"fnMap":{"0":{"name":"Posts","decl":{"start":{"line":29,"column":9},"end":{"line":29,"column":14}},"loc":{"start":{"line":29,"column":22},"end":{"line":497,"column":1}},"line":29},"1":{"name":"(anonymous_1)","decl":{"start":{"line":61,"column":28},"end":{"line":61,"column":29}},"loc":{"start":{"line":61,"column":40},"end":{"line":71,"column":5}},"line":61},"2":{"name":"(anonymous_2)","decl":{"start":{"line":74,"column":21},"end":{"line":74,"column":22}},"loc":{"start":{"line":74,"column":27},"end":{"line":81,"column":5}},"line":74},"3":{"name":"(anonymous_3)","decl":{"start":{"line":77,"column":18},"end":{"line":77,"column":19}},"loc":{"start":{"line":77,"column":25},"end":{"line":77,"column":35}},"line":77},"4":{"name":"(anonymous_4)","decl":{"start":{"line":78,"column":18},"end":{"line":78,"column":19}},"loc":{"start":{"line":78,"column":26},"end":{"line":80,"column":13}},"line":78},"5":{"name":"(anonymous_5)","decl":{"start":{"line":83,"column":24},"end":{"line":83,"column":25}},"loc":{"start":{"line":83,"column":30},"end":{"line":106,"column":5}},"line":83},"6":{"name":"(anonymous_6)","decl":{"start":{"line":87,"column":25},"end":{"line":87,"column":26}},"loc":{"start":{"line":87,"column":35},"end":{"line":99,"column":9}},"line":87},"7":{"name":"(anonymous_7)","decl":{"start":{"line":108,"column":26},"end":{"line":108,"column":27}},"loc":{"start":{"line":108,"column":37},"end":{"line":113,"column":5}},"line":108},"8":{"name":"(anonymous_8)","decl":{"start":{"line":111,"column":28},"end":{"line":111,"column":29}},"loc":{"start":{"line":111,"column":42},"end":{"line":111,"column":72}},"line":111},"9":{"name":"(anonymous_9)","decl":{"start":{"line":115,"column":27},"end":{"line":115,"column":28}},"loc":{"start":{"line":115,"column":38},"end":{"line":120,"column":5}},"line":115},"10":{"name":"(anonymous_10)","decl":{"start":{"line":118,"column":28},"end":{"line":118,"column":29}},"loc":{"start":{"line":118,"column":42},"end":{"line":118,"column":73}},"line":118},"11":{"name":"(anonymous_11)","decl":{"start":{"line":122,"column":24},"end":{"line":122,"column":25}},"loc":{"start":{"line":122,"column":30},"end":{"line":125,"column":5}},"line":122},"12":{"name":"(anonymous_12)","decl":{"start":{"line":127,"column":28},"end":{"line":127,"column":29}},"loc":{"start":{"line":127,"column":34},"end":{"line":161,"column":5}},"line":127},"13":{"name":"(anonymous_13)","decl":{"start":{"line":155,"column":32},"end":{"line":155,"column":33}},"loc":{"start":{"line":155,"column":46},"end":{"line":155,"column":92}},"line":155},"14":{"name":"(anonymous_14)","decl":{"start":{"line":158,"column":32},"end":{"line":158,"column":33}},"loc":{"start":{"line":158,"column":46},"end":{"line":158,"column":90}},"line":158},"15":{"name":"(anonymous_15)","decl":{"start":{"line":163,"column":26},"end":{"line":163,"column":27}},"loc":{"start":{"line":163,"column":37},"end":{"line":168,"column":5}},"line":163},"16":{"name":"(anonymous_16)","decl":{"start":{"line":171,"column":23},"end":{"line":171,"column":24}},"loc":{"start":{"line":171,"column":29},"end":{"line":250,"column":5}},"line":171},"17":{"name":"(anonymous_17)","decl":{"start":{"line":253,"column":31},"end":{"line":253,"column":32}},"loc":{"start":{"line":253,"column":37},"end":{"line":310,"column":5}},"line":253},"18":{"name":"(anonymous_18)","decl":{"start":{"line":257,"column":31},"end":{"line":257,"column":32}},"loc":{"start":{"line":257,"column":45},"end":{"line":263,"column":13}},"line":257},"19":{"name":"(anonymous_19)","decl":{"start":{"line":265,"column":36},"end":{"line":265,"column":37}},"loc":{"start":{"line":265,"column":50},"end":{"line":271,"column":13}},"line":265},"20":{"name":"(anonymous_20)","decl":{"start":{"line":273,"column":34},"end":{"line":273,"column":35}},"loc":{"start":{"line":273,"column":48},"end":{"line":279,"column":13}},"line":273},"21":{"name":"(anonymous_21)","decl":{"start":{"line":281,"column":31},"end":{"line":281,"column":32}},"loc":{"start":{"line":281,"column":45},"end":{"line":285,"column":13}},"line":281},"22":{"name":"(anonymous_22)","decl":{"start":{"line":289,"column":36},"end":{"line":289,"column":37}},"loc":{"start":{"line":289,"column":50},"end":{"line":293,"column":13}},"line":289},"23":{"name":"(anonymous_23)","decl":{"start":{"line":296,"column":34},"end":{"line":296,"column":35}},"loc":{"start":{"line":296,"column":48},"end":{"line":300,"column":13}},"line":296},"24":{"name":"(anonymous_24)","decl":{"start":{"line":312,"column":30},"end":{"line":312,"column":31}},"loc":{"start":{"line":312,"column":41},"end":{"line":314,"column":5}},"line":312},"25":{"name":"(anonymous_25)","decl":{"start":{"line":316,"column":14},"end":{"line":316,"column":15}},"loc":{"start":{"line":316,"column":20},"end":{"line":318,"column":5}},"line":316},"26":{"name":"(anonymous_26)","decl":{"start":{"line":321,"column":14},"end":{"line":321,"column":15}},"loc":{"start":{"line":321,"column":20},"end":{"line":324,"column":5}},"line":321},"27":{"name":"(anonymous_27)","decl":{"start":{"line":327,"column":14},"end":{"line":327,"column":15}},"loc":{"start":{"line":327,"column":20},"end":{"line":329,"column":5}},"line":327},"28":{"name":"(anonymous_28)","decl":{"start":{"line":331,"column":14},"end":{"line":331,"column":15}},"loc":{"start":{"line":331,"column":20},"end":{"line":333,"column":5}},"line":331},"29":{"name":"(anonymous_29)","decl":{"start":{"line":492,"column":38},"end":{"line":492,"column":39}},"loc":{"start":{"line":492,"column":54},"end":{"line":492,"column":70}},"line":492}},"branchMap":{"0":{"loc":{"start":{"line":62,"column":8},"end":{"line":66,"column":9}},"type":"if","locations":[{"start":{"line":62,"column":8},"end":{"line":66,"column":9}},{"start":{},"end":{}}],"line":62},"1":{"loc":{"start":{"line":63,"column":34},"end":{"line":63,"column":70}},"type":"binary-expr","locations":[{"start":{"line":63,"column":34},"end":{"line":63,"column":62}},{"start":{"line":63,"column":66},"end":{"line":63,"column":70}}],"line":63},"2":{"loc":{"start":{"line":67,"column":8},"end":{"line":70,"column":9}},"type":"if","locations":[{"start":{"line":67,"column":8},"end":{"line":70,"column":9}},{"start":{},"end":{}}],"line":67},"3":{"loc":{"start":{"line":88,"column":12},"end":{"line":92,"column":13}},"type":"if","locations":[{"start":{"line":88,"column":12},"end":{"line":92,"column":13}},{"start":{},"end":{}}],"line":88},"4":{"loc":{"start":{"line":94,"column":12},"end":{"line":98,"column":13}},"type":"if","locations":[{"start":{"line":94,"column":12},"end":{"line":98,"column":13}},{"start":{},"end":{}}],"line":94},"5":{"loc":{"start":{"line":110,"column":8},"end":{"line":112,"column":9}},"type":"if","locations":[{"start":{"line":110,"column":8},"end":{"line":112,"column":9}},{"start":{},"end":{}}],"line":110},"6":{"loc":{"start":{"line":117,"column":8},"end":{"line":119,"column":9}},"type":"if","locations":[{"start":{"line":117,"column":8},"end":{"line":119,"column":9}},{"start":{},"end":{}}],"line":117},"7":{"loc":{"start":{"line":128,"column":8},"end":{"line":160,"column":9}},"type":"if","locations":[{"start":{"line":128,"column":8},"end":{"line":160,"column":9}},{"start":{"line":153,"column":15},"end":{"line":160,"column":9}}],"line":128},"8":{"loc":{"start":{"line":128,"column":12},"end":{"line":128,"column":45}},"type":"binary-expr","locations":[{"start":{"line":128,"column":12},"end":{"line":128,"column":27}},{"start":{"line":128,"column":31},"end":{"line":128,"column":45}}],"line":128},"9":{"loc":{"start":{"line":154,"column":12},"end":{"line":156,"column":13}},"type":"if","locations":[{"start":{"line":154,"column":12},"end":{"line":156,"column":13}},{"start":{},"end":{}}],"line":154},"10":{"loc":{"start":{"line":157,"column":12},"end":{"line":159,"column":13}},"type":"if","locations":[{"start":{"line":157,"column":12},"end":{"line":159,"column":13}},{"start":{},"end":{}}],"line":157},"11":{"loc":{"start":{"line":190,"column":21},"end":{"line":199,"column":25}},"type":"cond-expr","locations":[{"start":{"line":191,"column":26},"end":{"line":191,"column":30}},{"start":{"line":193,"column":28},"end":{"line":198,"column":30}}],"line":190},"12":{"loc":{"start":{"line":204,"column":29},"end":{"line":204,"column":75}},"type":"cond-expr","locations":[{"start":{"line":204,"column":46},"end":{"line":204,"column":56}},{"start":{"line":204,"column":59},"end":{"line":204,"column":75}}],"line":204},"13":{"loc":{"start":{"line":206,"column":25},"end":{"line":224,"column":29}},"type":"cond-expr","locations":[{"start":{"line":208,"column":32},"end":{"line":218,"column":35}},{"start":{"line":221,"column":32},"end":{"line":223,"column":45}}],"line":206},"14":{"loc":{"start":{"line":228,"column":29},"end":{"line":230,"column":56}},"type":"cond-expr","locations":[{"start":{"line":229,"column":34},"end":{"line":229,"column":60}},{"start":{"line":230,"column":34},"end":{"line":230,"column":56}}],"line":228},"15":{"loc":{"start":{"line":236,"column":25},"end":{"line":242,"column":29}},"type":"cond-expr","locations":[{"start":{"line":237,"column":30},"end":{"line":237,"column":34}},{"start":{"line":239,"column":32},"end":{"line":241,"column":45}}],"line":236},"16":{"loc":{"start":{"line":254,"column":8},"end":{"line":309,"column":9}},"type":"if","locations":[{"start":{"line":254,"column":8},"end":{"line":309,"column":9}},{"start":{"line":307,"column":15},"end":{"line":309,"column":9}}],"line":254},"17":{"loc":{"start":{"line":258,"column":16},"end":{"line":262,"column":17}},"type":"if","locations":[{"start":{"line":258,"column":16},"end":{"line":262,"column":17}},{"start":{},"end":{}}],"line":258},"18":{"loc":{"start":{"line":259,"column":20},"end":{"line":261,"column":21}},"type":"if","locations":[{"start":{"line":259,"column":20},"end":{"line":261,"column":21}},{"start":{},"end":{}}],"line":259},"19":{"loc":{"start":{"line":266,"column":16},"end":{"line":270,"column":17}},"type":"if","locations":[{"start":{"line":266,"column":16},"end":{"line":270,"column":17}},{"start":{},"end":{}}],"line":266},"20":{"loc":{"start":{"line":267,"column":20},"end":{"line":269,"column":21}},"type":"if","locations":[{"start":{"line":267,"column":20},"end":{"line":269,"column":21}},{"start":{},"end":{}}],"line":267},"21":{"loc":{"start":{"line":274,"column":16},"end":{"line":278,"column":17}},"type":"if","locations":[{"start":{"line":274,"column":16},"end":{"line":278,"column":17}},{"start":{},"end":{}}],"line":274},"22":{"loc":{"start":{"line":275,"column":20},"end":{"line":277,"column":21}},"type":"if","locations":[{"start":{"line":275,"column":20},"end":{"line":277,"column":21}},{"start":{},"end":{}}],"line":275},"23":{"loc":{"start":{"line":282,"column":16},"end":{"line":284,"column":17}},"type":"if","locations":[{"start":{"line":282,"column":16},"end":{"line":284,"column":17}},{"start":{},"end":{}}],"line":282},"24":{"loc":{"start":{"line":290,"column":16},"end":{"line":292,"column":17}},"type":"if","locations":[{"start":{"line":290,"column":16},"end":{"line":292,"column":17}},{"start":{},"end":{}}],"line":290},"25":{"loc":{"start":{"line":297,"column":16},"end":{"line":299,"column":17}},"type":"if","locations":[{"start":{"line":297,"column":16},"end":{"line":299,"column":17}},{"start":{},"end":{}}],"line":297}},"s":{"0":76,"1":76,"2":76,"3":76,"4":76,"5":76,"6":76,"7":76,"8":76,"9":76,"10":76,"11":76,"12":76,"13":76,"14":76,"15":76,"16":76,"17":21,"18":21,"19":21,"20":21,"21":21,"22":21,"23":21,"24":76,"25":9,"26":9,"27":7,"28":7,"29":76,"30":37,"31":37,"32":37,"33":37,"34":1000,"35":100,"36":100,"37":100,"38":1000,"39":280,"40":280,"41":280,"42":37,"43":37,"44":37,"45":37,"46":37,"47":76,"48":2,"49":2,"50":2,"51":2,"52":76,"53":2,"54":2,"55":2,"56":2,"57":76,"58":0,"59":0,"60":76,"61":3,"62":1,"63":1,"64":1,"65":1,"66":1,"67":1,"68":1,"69":1,"70":1,"71":1,"72":1,"73":1,"74":1,"75":1,"76":1,"77":1,"78":1,"79":1,"80":2,"81":1,"82":1,"83":2,"84":1,"85":1,"86":76,"87":0,"88":0,"89":0,"90":0,"91":76,"92":39,"93":39,"94":39,"95":431,"96":39,"97":76,"98":1,"99":1,"100":1,"101":40,"102":10,"103":10,"104":1,"105":40,"106":0,"107":0,"108":1,"109":40,"110":0,"111":0,"112":1,"113":1,"114":40,"115":10,"116":1,"117":1,"118":40,"119":10,"120":1,"121":1,"122":40,"123":10,"124":1,"125":1,"126":1,"127":1,"128":0,"129":76,"130":1,"131":76,"132":9,"133":76,"134":21,"135":21,"136":76,"137":16,"138":76,"139":38,"140":76,"141":971},"f":{"0":76,"1":21,"2":9,"3":7,"4":7,"5":37,"6":1000,"7":2,"8":2,"9":2,"10":2,"11":0,"12":3,"13":1,"14":1,"15":0,"16":39,"17":1,"18":40,"19":40,"20":40,"21":40,"22":40,"23":40,"24":1,"25":9,"26":21,"27":16,"28":38,"29":971},"b":{"0":[21,0],"1":[21,0],"2":[21,0],"3":[100,900],"4":[280,720],"5":[2,0],"6":[2,0],"7":[1,2],"8":[3,2],"9":[1,1],"10":[1,1],"11":[1,430],"12":[0,431],"13":[0,431],"14":[0,431],"15":[0,431],"16":[1,0],"17":[10,30],"18":[10,0],"19":[0,40],"20":[0,0],"21":[0,40],"22":[0,0],"23":[10,30],"24":[10,30],"25":[10,30]},"_coverageSchema":"1a1c01bbd47fc00a2c39e90264f33305004495a9","hash":"031ad83ad28962ec34e1a041dd4edc818c76de6a"}
,"D:\\Rice\\hw5-dgl2000\\foodzoneapp\\src\\components\\main\\user\\User.js": {"path":"D:\\Rice\\hw5-dgl2000\\foodzoneapp\\src\\components\\main\\user\\User.js","statementMap":{"0":{"start":{"line":21,"column":36},"end":{"line":21,"column":48}},"1":{"start":{"line":22,"column":32},"end":{"line":22,"column":44}},"2":{"start":{"line":23,"column":42},"end":{"line":23,"column":54}},"3":{"start":{"line":26,"column":28},"end":{"line":37,"column":5}},"4":{"start":{"line":27,"column":8},"end":{"line":35,"column":9}},"5":{"start":{"line":28,"column":23},"end":{"line":28,"column":71}},"6":{"start":{"line":29,"column":12},"end":{"line":29,"column":42}},"7":{"start":{"line":31,"column":12},"end":{"line":34,"column":13}},"8":{"start":{"line":32,"column":41},"end":{"line":32,"column":110}},"9":{"start":{"line":33,"column":16},"end":{"line":33,"column":46}},"10":{"start":{"line":39,"column":21},"end":{"line":39,"column":34}},"11":{"start":{"line":42,"column":25},"end":{"line":45,"column":5}},"12":{"start":{"line":43,"column":8},"end":{"line":43,"column":40}},"13":{"start":{"line":44,"column":8},"end":{"line":44,"column":22}},"14":{"start":{"line":47,"column":26},"end":{"line":49,"column":5}},"15":{"start":{"line":48,"column":8},"end":{"line":48,"column":29}},"16":{"start":{"line":50,"column":4},"end":{"line":52,"column":11}},"17":{"start":{"line":51,"column":8},"end":{"line":51,"column":26}},"18":{"start":{"line":54,"column":25},"end":{"line":56,"column":5}},"19":{"start":{"line":55,"column":8},"end":{"line":55,"column":43}},"20":{"start":{"line":58,"column":25},"end":{"line":64,"column":5}},"21":{"start":{"line":59,"column":8},"end":{"line":63,"column":9}},"22":{"start":{"line":60,"column":12},"end":{"line":60,"column":35}},"23":{"start":{"line":61,"column":12},"end":{"line":61,"column":31}},"24":{"start":{"line":62,"column":12},"end":{"line":62,"column":83}},"25":{"start":{"line":66,"column":4},"end":{"line":134,"column":6}}},"fnMap":{"0":{"name":"User","decl":{"start":{"line":20,"column":9},"end":{"line":20,"column":13}},"loc":{"start":{"line":20,"column":16},"end":{"line":135,"column":1}},"line":20},"1":{"name":"(anonymous_1)","decl":{"start":{"line":26,"column":28},"end":{"line":26,"column":29}},"loc":{"start":{"line":26,"column":40},"end":{"line":37,"column":5}},"line":26},"2":{"name":"(anonymous_2)","decl":{"start":{"line":42,"column":25},"end":{"line":42,"column":26}},"loc":{"start":{"line":42,"column":31},"end":{"line":45,"column":5}},"line":42},"3":{"name":"(anonymous_3)","decl":{"start":{"line":47,"column":26},"end":{"line":47,"column":27}},"loc":{"start":{"line":47,"column":32},"end":{"line":49,"column":5}},"line":47},"4":{"name":"(anonymous_4)","decl":{"start":{"line":50,"column":14},"end":{"line":50,"column":15}},"loc":{"start":{"line":50,"column":20},"end":{"line":52,"column":5}},"line":50},"5":{"name":"(anonymous_5)","decl":{"start":{"line":54,"column":25},"end":{"line":54,"column":26}},"loc":{"start":{"line":54,"column":36},"end":{"line":56,"column":5}},"line":54},"6":{"name":"(anonymous_6)","decl":{"start":{"line":58,"column":25},"end":{"line":58,"column":26}},"loc":{"start":{"line":58,"column":31},"end":{"line":64,"column":5}},"line":58}},"branchMap":{"0":{"loc":{"start":{"line":27,"column":8},"end":{"line":35,"column":9}},"type":"if","locations":[{"start":{"line":27,"column":8},"end":{"line":35,"column":9}},{"start":{},"end":{}}],"line":27},"1":{"loc":{"start":{"line":28,"column":34},"end":{"line":28,"column":70}},"type":"binary-expr","locations":[{"start":{"line":28,"column":34},"end":{"line":28,"column":62}},{"start":{"line":28,"column":66},"end":{"line":28,"column":70}}],"line":28},"2":{"loc":{"start":{"line":31,"column":12},"end":{"line":34,"column":13}},"type":"if","locations":[{"start":{"line":31,"column":12},"end":{"line":34,"column":13}},{"start":{},"end":{}}],"line":31},"3":{"loc":{"start":{"line":32,"column":52},"end":{"line":32,"column":109}},"type":"binary-expr","locations":[{"start":{"line":32,"column":52},"end":{"line":32,"column":101}},{"start":{"line":32,"column":105},"end":{"line":32,"column":109}}],"line":32},"4":{"loc":{"start":{"line":59,"column":8},"end":{"line":63,"column":9}},"type":"if","locations":[{"start":{"line":59,"column":8},"end":{"line":63,"column":9}},{"start":{},"end":{}}],"line":59}},"s":{"0":46,"1":46,"2":46,"3":46,"4":18,"5":18,"6":18,"7":18,"8":18,"9":18,"10":46,"11":46,"12":1,"13":1,"14":46,"15":0,"16":46,"17":18,"18":46,"19":1,"20":46,"21":1,"22":1,"23":1,"24":1,"25":46},"f":{"0":46,"1":18,"2":1,"3":0,"4":18,"5":1,"6":1},"b":{"0":[18,0],"1":[18,0],"2":[18,0],"3":[18,0],"4":[1,0]},"_coverageSchema":"1a1c01bbd47fc00a2c39e90264f33305004495a9","hash":"cb8ad429245d48dca07bbd007e1dda12fd9b9e0d"}
,"D:\\Rice\\hw5-dgl2000\\foodzoneapp\\src\\components\\profile\\Profile.js": {"path":"D:\\Rice\\hw5-dgl2000\\foodzoneapp\\src\\components\\profile\\Profile.js","statementMap":{"0":{"start":{"line":18,"column":18},"end":{"line":18,"column":31}},"1":{"start":{"line":19,"column":24},"end":{"line":19,"column":36}},"2":{"start":{"line":20,"column":36},"end":{"line":20,"column":50}},"3":{"start":{"line":23,"column":40},"end":{"line":29,"column":6}},"4":{"start":{"line":32,"column":38},"end":{"line":37,"column":6}},"5":{"start":{"line":41,"column":56},"end":{"line":46,"column":6}},"6":{"start":{"line":49,"column":25},"end":{"line":71,"column":5}},"7":{"start":{"line":51,"column":8},"end":{"line":51,"column":31}},"8":{"start":{"line":53,"column":8},"end":{"line":55,"column":9}},"9":{"start":{"line":54,"column":12},"end":{"line":54,"column":98}},"10":{"start":{"line":54,"column":41},"end":{"line":54,"column":95}},"11":{"start":{"line":56,"column":8},"end":{"line":58,"column":9}},"12":{"start":{"line":57,"column":12},"end":{"line":57,"column":94}},"13":{"start":{"line":57,"column":41},"end":{"line":57,"column":91}},"14":{"start":{"line":59,"column":8},"end":{"line":61,"column":9}},"15":{"start":{"line":60,"column":12},"end":{"line":60,"column":97}},"16":{"start":{"line":60,"column":41},"end":{"line":60,"column":94}},"17":{"start":{"line":63,"column":8},"end":{"line":70,"column":9}},"18":{"start":{"line":64,"column":32},"end":{"line":66,"column":31}},"19":{"start":{"line":66,"column":27},"end":{"line":66,"column":30}},"20":{"start":{"line":68,"column":38},"end":{"line":68,"column":82}},"21":{"start":{"line":69,"column":12},"end":{"line":69,"column":94}},"22":{"start":{"line":69,"column":41},"end":{"line":69,"column":91}},"23":{"start":{"line":73,"column":25},"end":{"line":75,"column":5}},"24":{"start":{"line":74,"column":8},"end":{"line":74,"column":80}},"25":{"start":{"line":77,"column":4},"end":{"line":146,"column":20}},"26":{"start":{"line":79,"column":8},"end":{"line":82,"column":9}},"27":{"start":{"line":80,"column":12},"end":{"line":80,"column":39}},"28":{"start":{"line":81,"column":12},"end":{"line":81,"column":18}},"29":{"start":{"line":84,"column":31},"end":{"line":143,"column":9}},"30":{"start":{"line":85,"column":26},"end":{"line":85,"column":30}},"31":{"start":{"line":86,"column":12},"end":{"line":96,"column":13}},"32":{"start":{"line":87,"column":25},"end":{"line":87,"column":64}},"33":{"start":{"line":88,"column":16},"end":{"line":93,"column":17}},"34":{"start":{"line":89,"column":20},"end":{"line":89,"column":173}},"35":{"start":{"line":89,"column":65},"end":{"line":89,"column":170}},"36":{"start":{"line":90,"column":20},"end":{"line":90,"column":36}},"37":{"start":{"line":92,"column":20},"end":{"line":92,"column":115}},"38":{"start":{"line":92,"column":65},"end":{"line":92,"column":112}},"39":{"start":{"line":95,"column":16},"end":{"line":95,"column":111}},"40":{"start":{"line":95,"column":61},"end":{"line":95,"column":108}},"41":{"start":{"line":98,"column":12},"end":{"line":109,"column":13}},"42":{"start":{"line":99,"column":25},"end":{"line":99,"column":86}},"43":{"start":{"line":100,"column":16},"end":{"line":106,"column":17}},"44":{"start":{"line":101,"column":20},"end":{"line":101,"column":166}},"45":{"start":{"line":101,"column":65},"end":{"line":101,"column":163}},"46":{"start":{"line":102,"column":20},"end":{"line":102,"column":36}},"47":{"start":{"line":105,"column":20},"end":{"line":105,"column":116}},"48":{"start":{"line":105,"column":65},"end":{"line":105,"column":113}},"49":{"start":{"line":108,"column":16},"end":{"line":108,"column":112}},"50":{"start":{"line":108,"column":61},"end":{"line":108,"column":109}},"51":{"start":{"line":111,"column":12},"end":{"line":122,"column":13}},"52":{"start":{"line":112,"column":25},"end":{"line":112,"column":67}},"53":{"start":{"line":113,"column":16},"end":{"line":119,"column":17}},"54":{"start":{"line":114,"column":20},"end":{"line":114,"column":156}},"55":{"start":{"line":114,"column":65},"end":{"line":114,"column":153}},"56":{"start":{"line":115,"column":20},"end":{"line":115,"column":36}},"57":{"start":{"line":118,"column":20},"end":{"line":118,"column":115}},"58":{"start":{"line":118,"column":65},"end":{"line":118,"column":112}},"59":{"start":{"line":121,"column":16},"end":{"line":121,"column":111}},"60":{"start":{"line":121,"column":61},"end":{"line":121,"column":108}},"61":{"start":{"line":124,"column":12},"end":{"line":135,"column":13}},"62":{"start":{"line":125,"column":25},"end":{"line":125,"column":49}},"63":{"start":{"line":126,"column":16},"end":{"line":132,"column":17}},"64":{"start":{"line":127,"column":20},"end":{"line":127,"column":140}},"65":{"start":{"line":127,"column":65},"end":{"line":127,"column":137}},"66":{"start":{"line":128,"column":20},"end":{"line":128,"column":36}},"67":{"start":{"line":131,"column":20},"end":{"line":131,"column":110}},"68":{"start":{"line":131,"column":65},"end":{"line":131,"column":107}},"69":{"start":{"line":134,"column":16},"end":{"line":134,"column":106}},"70":{"start":{"line":134,"column":61},"end":{"line":134,"column":103}},"71":{"start":{"line":138,"column":12},"end":{"line":142,"column":13}},"72":{"start":{"line":139,"column":16},"end":{"line":139,"column":28}},"73":{"start":{"line":141,"column":16},"end":{"line":141,"column":29}},"74":{"start":{"line":144,"column":8},"end":{"line":144,"column":39}},"75":{"start":{"line":148,"column":21},"end":{"line":148,"column":34}},"76":{"start":{"line":151,"column":23},"end":{"line":153,"column":5}},"77":{"start":{"line":152,"column":8},"end":{"line":152,"column":26}},"78":{"start":{"line":155,"column":4},"end":{"line":161,"column":11}},"79":{"start":{"line":156,"column":8},"end":{"line":160,"column":9}},"80":{"start":{"line":157,"column":23},"end":{"line":157,"column":71}},"81":{"start":{"line":158,"column":12},"end":{"line":158,"column":91}},"82":{"start":{"line":158,"column":41},"end":{"line":158,"column":88}},"83":{"start":{"line":159,"column":12},"end":{"line":159,"column":91}},"84":{"start":{"line":159,"column":41},"end":{"line":159,"column":88}},"85":{"start":{"line":163,"column":4},"end":{"line":343,"column":6}}},"fnMap":{"0":{"name":"Profile","decl":{"start":{"line":17,"column":9},"end":{"line":17,"column":16}},"loc":{"start":{"line":17,"column":19},"end":{"line":344,"column":1}},"line":17},"1":{"name":"(anonymous_1)","decl":{"start":{"line":49,"column":25},"end":{"line":49,"column":26}},"loc":{"start":{"line":49,"column":36},"end":{"line":71,"column":5}},"line":49},"2":{"name":"(anonymous_2)","decl":{"start":{"line":54,"column":26},"end":{"line":54,"column":27}},"loc":{"start":{"line":54,"column":41},"end":{"line":54,"column":95}},"line":54},"3":{"name":"(anonymous_3)","decl":{"start":{"line":57,"column":26},"end":{"line":57,"column":27}},"loc":{"start":{"line":57,"column":41},"end":{"line":57,"column":91}},"line":57},"4":{"name":"(anonymous_4)","decl":{"start":{"line":60,"column":26},"end":{"line":60,"column":27}},"loc":{"start":{"line":60,"column":41},"end":{"line":60,"column":94}},"line":60},"5":{"name":"(anonymous_5)","decl":{"start":{"line":66,"column":21},"end":{"line":66,"column":22}},"loc":{"start":{"line":66,"column":27},"end":{"line":66,"column":30}},"line":66},"6":{"name":"(anonymous_6)","decl":{"start":{"line":69,"column":26},"end":{"line":69,"column":27}},"loc":{"start":{"line":69,"column":41},"end":{"line":69,"column":91}},"line":69},"7":{"name":"(anonymous_7)","decl":{"start":{"line":73,"column":25},"end":{"line":73,"column":26}},"loc":{"start":{"line":73,"column":36},"end":{"line":75,"column":5}},"line":73},"8":{"name":"(anonymous_8)","decl":{"start":{"line":77,"column":14},"end":{"line":77,"column":15}},"loc":{"start":{"line":77,"column":20},"end":{"line":146,"column":5}},"line":77},"9":{"name":"(anonymous_9)","decl":{"start":{"line":84,"column":31},"end":{"line":84,"column":32}},"loc":{"start":{"line":84,"column":37},"end":{"line":143,"column":9}},"line":84},"10":{"name":"(anonymous_10)","decl":{"start":{"line":89,"column":42},"end":{"line":89,"column":43}},"loc":{"start":{"line":89,"column":65},"end":{"line":89,"column":170}},"line":89},"11":{"name":"(anonymous_11)","decl":{"start":{"line":92,"column":42},"end":{"line":92,"column":43}},"loc":{"start":{"line":92,"column":65},"end":{"line":92,"column":112}},"line":92},"12":{"name":"(anonymous_12)","decl":{"start":{"line":95,"column":38},"end":{"line":95,"column":39}},"loc":{"start":{"line":95,"column":61},"end":{"line":95,"column":108}},"line":95},"13":{"name":"(anonymous_13)","decl":{"start":{"line":101,"column":42},"end":{"line":101,"column":43}},"loc":{"start":{"line":101,"column":65},"end":{"line":101,"column":163}},"line":101},"14":{"name":"(anonymous_14)","decl":{"start":{"line":105,"column":42},"end":{"line":105,"column":43}},"loc":{"start":{"line":105,"column":65},"end":{"line":105,"column":113}},"line":105},"15":{"name":"(anonymous_15)","decl":{"start":{"line":108,"column":38},"end":{"line":108,"column":39}},"loc":{"start":{"line":108,"column":61},"end":{"line":108,"column":109}},"line":108},"16":{"name":"(anonymous_16)","decl":{"start":{"line":114,"column":42},"end":{"line":114,"column":43}},"loc":{"start":{"line":114,"column":65},"end":{"line":114,"column":153}},"line":114},"17":{"name":"(anonymous_17)","decl":{"start":{"line":118,"column":42},"end":{"line":118,"column":43}},"loc":{"start":{"line":118,"column":65},"end":{"line":118,"column":112}},"line":118},"18":{"name":"(anonymous_18)","decl":{"start":{"line":121,"column":38},"end":{"line":121,"column":39}},"loc":{"start":{"line":121,"column":61},"end":{"line":121,"column":108}},"line":121},"19":{"name":"(anonymous_19)","decl":{"start":{"line":127,"column":42},"end":{"line":127,"column":43}},"loc":{"start":{"line":127,"column":65},"end":{"line":127,"column":137}},"line":127},"20":{"name":"(anonymous_20)","decl":{"start":{"line":131,"column":42},"end":{"line":131,"column":43}},"loc":{"start":{"line":131,"column":65},"end":{"line":131,"column":107}},"line":131},"21":{"name":"(anonymous_21)","decl":{"start":{"line":134,"column":38},"end":{"line":134,"column":39}},"loc":{"start":{"line":134,"column":61},"end":{"line":134,"column":103}},"line":134},"22":{"name":"(anonymous_22)","decl":{"start":{"line":151,"column":23},"end":{"line":151,"column":24}},"loc":{"start":{"line":151,"column":29},"end":{"line":153,"column":5}},"line":151},"23":{"name":"(anonymous_23)","decl":{"start":{"line":155,"column":14},"end":{"line":155,"column":15}},"loc":{"start":{"line":155,"column":20},"end":{"line":161,"column":5}},"line":155},"24":{"name":"(anonymous_24)","decl":{"start":{"line":158,"column":26},"end":{"line":158,"column":27}},"loc":{"start":{"line":158,"column":41},"end":{"line":158,"column":88}},"line":158},"25":{"name":"(anonymous_25)","decl":{"start":{"line":159,"column":26},"end":{"line":159,"column":27}},"loc":{"start":{"line":159,"column":41},"end":{"line":159,"column":88}},"line":159}},"branchMap":{"0":{"loc":{"start":{"line":53,"column":8},"end":{"line":55,"column":9}},"type":"if","locations":[{"start":{"line":53,"column":8},"end":{"line":55,"column":9}},{"start":{},"end":{}}],"line":53},"1":{"loc":{"start":{"line":56,"column":8},"end":{"line":58,"column":9}},"type":"if","locations":[{"start":{"line":56,"column":8},"end":{"line":58,"column":9}},{"start":{},"end":{}}],"line":56},"2":{"loc":{"start":{"line":59,"column":8},"end":{"line":61,"column":9}},"type":"if","locations":[{"start":{"line":59,"column":8},"end":{"line":61,"column":9}},{"start":{},"end":{}}],"line":59},"3":{"loc":{"start":{"line":63,"column":8},"end":{"line":70,"column":9}},"type":"if","locations":[{"start":{"line":63,"column":8},"end":{"line":70,"column":9}},{"start":{},"end":{}}],"line":63},"4":{"loc":{"start":{"line":79,"column":8},"end":{"line":82,"column":9}},"type":"if","locations":[{"start":{"line":79,"column":8},"end":{"line":82,"column":9}},{"start":{},"end":{}}],"line":79},"5":{"loc":{"start":{"line":86,"column":12},"end":{"line":96,"column":13}},"type":"if","locations":[{"start":{"line":86,"column":12},"end":{"line":96,"column":13}},{"start":{"line":94,"column":19},"end":{"line":96,"column":13}}],"line":86},"6":{"loc":{"start":{"line":88,"column":16},"end":{"line":93,"column":17}},"type":"if","locations":[{"start":{"line":88,"column":16},"end":{"line":93,"column":17}},{"start":{"line":91,"column":23},"end":{"line":93,"column":17}}],"line":88},"7":{"loc":{"start":{"line":98,"column":12},"end":{"line":109,"column":13}},"type":"if","locations":[{"start":{"line":98,"column":12},"end":{"line":109,"column":13}},{"start":{"line":107,"column":19},"end":{"line":109,"column":13}}],"line":98},"8":{"loc":{"start":{"line":100,"column":16},"end":{"line":106,"column":17}},"type":"if","locations":[{"start":{"line":100,"column":16},"end":{"line":106,"column":17}},{"start":{"line":103,"column":23},"end":{"line":106,"column":17}}],"line":100},"9":{"loc":{"start":{"line":111,"column":12},"end":{"line":122,"column":13}},"type":"if","locations":[{"start":{"line":111,"column":12},"end":{"line":122,"column":13}},{"start":{"line":120,"column":19},"end":{"line":122,"column":13}}],"line":111},"10":{"loc":{"start":{"line":113,"column":16},"end":{"line":119,"column":17}},"type":"if","locations":[{"start":{"line":113,"column":16},"end":{"line":119,"column":17}},{"start":{"line":116,"column":23},"end":{"line":119,"column":17}}],"line":113},"11":{"loc":{"start":{"line":124,"column":12},"end":{"line":135,"column":13}},"type":"if","locations":[{"start":{"line":124,"column":12},"end":{"line":135,"column":13}},{"start":{"line":133,"column":19},"end":{"line":135,"column":13}}],"line":124},"12":{"loc":{"start":{"line":126,"column":16},"end":{"line":132,"column":17}},"type":"if","locations":[{"start":{"line":126,"column":16},"end":{"line":132,"column":17}},{"start":{"line":129,"column":23},"end":{"line":132,"column":17}}],"line":126},"13":{"loc":{"start":{"line":138,"column":12},"end":{"line":142,"column":13}},"type":"if","locations":[{"start":{"line":138,"column":12},"end":{"line":142,"column":13}},{"start":{"line":140,"column":19},"end":{"line":142,"column":13}}],"line":138},"14":{"loc":{"start":{"line":156,"column":8},"end":{"line":160,"column":9}},"type":"if","locations":[{"start":{"line":156,"column":8},"end":{"line":160,"column":9}},{"start":{},"end":{}}],"line":156},"15":{"loc":{"start":{"line":157,"column":34},"end":{"line":157,"column":70}},"type":"binary-expr","locations":[{"start":{"line":157,"column":34},"end":{"line":157,"column":62}},{"start":{"line":157,"column":66},"end":{"line":157,"column":70}}],"line":157}},"s":{"0":26,"1":26,"2":26,"3":26,"4":26,"5":26,"6":26,"7":4,"8":4,"9":1,"10":1,"11":4,"12":1,"13":1,"14":4,"15":1,"16":1,"17":4,"18":1,"19":4,"20":1,"21":1,"22":1,"23":26,"24":6,"25":26,"26":11,"27":5,"28":5,"29":6,"30":6,"31":6,"32":6,"33":6,"34":0,"35":0,"36":0,"37":6,"38":6,"39":0,"40":0,"41":6,"42":1,"43":1,"44":0,"45":0,"46":0,"47":1,"48":1,"49":5,"50":5,"51":6,"52":2,"53":2,"54":1,"55":1,"56":1,"57":1,"58":1,"59":4,"60":4,"61":6,"62":2,"63":2,"64":1,"65":1,"66":1,"67":1,"68":1,"69":4,"70":4,"71":6,"72":4,"73":2,"74":6,"75":26,"76":26,"77":0,"78":26,"79":5,"80":5,"81":5,"82":5,"83":5,"84":5,"85":26},"f":{"0":26,"1":4,"2":1,"3":1,"4":1,"5":4,"6":1,"7":6,"8":11,"9":6,"10":0,"11":6,"12":0,"13":0,"14":1,"15":5,"16":1,"17":1,"18":4,"19":1,"20":1,"21":4,"22":0,"23":5,"24":5,"25":5},"b":{"0":[1,3],"1":[1,3],"2":[1,3],"3":[1,3],"4":[5,6],"5":[6,0],"6":[0,6],"7":[1,5],"8":[0,1],"9":[2,4],"10":[1,1],"11":[2,4],"12":[1,1],"13":[4,2],"14":[5,0],"15":[5,0]},"_coverageSchema":"1a1c01bbd47fc00a2c39e90264f33305004495a9","hash":"b3668c90f6e6588015c101db3aafc4c2a87aef22"}
}
