TN:
SF:src\App.js
FN:4,App
FNF:1
FNH:1
FNDA:1,App
DA:5,1
LF:1
LH:1
BRF:0
BRH:0
end_of_record
TN:
SF:src\components\landing\Landing.js
FN:12,Landing
FN:24,(anonymous_1)
FNF:2
FNH:2
FNDA:9,Landing
FNDA:9,(anonymous_1)
DA:13,9
DA:15,9
DA:24,9
LF:3
LH:3
BRF:0
BRH:0
end_of_record
TN:
SF:src\components\landing\login\Login.js
FN:13,Login
FN:22,(anonymous_1)
FN:25,(anonymous_2)
FN:26,(anonymous_3)
FN:29,(anonymous_4)
FN:46,(anonymous_5)
FN:47,(anonymous_6)
FN:65,(anonymous_7)
FN:75,(anonymous_8)
FN:79,(anonymous_9)
FN:93,(anonymous_10)
FN:105,(anonymous_11)
FN:175,(anonymous_12)
FN:183,(anonymous_13)
FN:185,(anonymous_14)
FNF:15
FNH:11
FNDA:19,Login
FNDA:9,(anonymous_1)
FNDA:1,(anonymous_2)
FNDA:1,(anonymous_3)
FNDA:9,(anonymous_4)
FNDA:7,(anonymous_5)
FNDA:10,(anonymous_6)
FNDA:0,(anonymous_7)
FNDA:1,(anonymous_8)
FNDA:11,(anonymous_9)
FNDA:7,(anonymous_10)
FNDA:4,(anonymous_11)
FNDA:0,(anonymous_12)
FNDA:0,(anonymous_13)
FNDA:0,(anonymous_14)
DA:14,19
DA:15,19
DA:20,19
DA:22,19
DA:23,9
DA:24,9
DA:25,1
DA:26,1
DA:29,19
DA:30,9
DA:34,19
DA:36,19
DA:37,19
DA:38,19
DA:39,19
DA:46,19
DA:47,7
DA:48,10
DA:49,1
DA:50,1
DA:51,1
DA:52,1
DA:53,0
DA:54,0
DA:57,9
DA:58,3
DA:59,3
DA:60,3
DA:64,7
DA:65,0
DA:66,0
DA:67,0
DA:68,0
DA:69,0
DA:75,19
DA:77,1
DA:79,11
DA:81,1
DA:83,1
DA:89,1
DA:90,1
DA:93,19
DA:95,7
DA:96,7
DA:97,7
DA:98,1
DA:99,1
DA:101,6
DA:105,19
DA:106,4
DA:110,19
DA:175,1
DA:176,0
DA:183,1
DA:184,0
DA:185,0
LF:56
LH:46
BRDA:48,0,0,1
BRDA:48,0,1,9
BRDA:48,1,0,10
BRDA:48,1,1,1
BRDA:52,2,0,0
BRDA:52,2,1,1
BRDA:53,3,0,0
BRDA:53,3,1,0
BRDA:57,4,0,3
BRDA:57,4,1,6
BRDA:57,5,0,9
BRDA:57,5,1,8
BRDA:57,5,2,7
BRDA:64,6,0,0
BRDA:64,6,1,7
BRDA:66,7,0,0
BRDA:66,7,1,0
BRDA:66,8,0,0
BRDA:66,8,1,0
BRDA:66,8,2,0
BRDA:97,9,0,1
BRDA:97,9,1,6
BRDA:120,10,0,19
BRDA:120,10,1,5
BRF:24
BRH:15
end_of_record
TN:
SF:src\components\landing\registration\Registration.js
FN:11,Registration
FN:41,(anonymous_1)
FN:48,(anonymous_2)
FN:56,(anonymous_3)
FN:59,(anonymous_4)
FN:63,(anonymous_5)
FN:66,(anonymous_6)
FN:72,(anonymous_7)
FN:76,(anonymous_8)
FN:79,(anonymous_9)
FN:85,(anonymous_10)
FN:89,(anonymous_11)
FN:92,(anonymous_12)
FN:98,(anonymous_13)
FN:102,(anonymous_14)
FN:105,(anonymous_15)
FN:110,(anonymous_16)
FN:114,(anonymous_17)
FN:117,(anonymous_18)
FN:123,(anonymous_19)
FN:126,(anonymous_20)
FN:129,(anonymous_21)
FN:139,(anonymous_22)
FN:171,(anonymous_23)
FN:175,(anonymous_24)
FN:178,(anonymous_25)
FN:198,(anonymous_26)
FNF:27
FNH:22
FNDA:109,Registration
FNDA:58,(anonymous_1)
FNDA:49,(anonymous_2)
FNDA:7,(anonymous_3)
FNDA:0,(anonymous_4)
FNDA:42,(anonymous_5)
FNDA:0,(anonymous_6)
FNDA:15,(anonymous_7)
FNDA:20,(anonymous_8)
FNDA:14,(anonymous_9)
FNDA:4,(anonymous_10)
FNDA:24,(anonymous_11)
FNDA:21,(anonymous_12)
FNDA:3,(anonymous_13)
FNDA:18,(anonymous_14)
FNDA:28,(anonymous_15)
FNDA:0,(anonymous_16)
FNDA:0,(anonymous_17)
FNDA:49,(anonymous_18)
FNDA:2,(anonymous_19)
FNDA:5,(anonymous_20)
FNDA:42,(anonymous_21)
FNDA:0,(anonymous_22)
FNDA:49,(anonymous_23)
FNDA:1,(anonymous_24)
FNDA:6,(anonymous_25)
FNDA:1,(anonymous_26)
DA:13,109
DA:15,109
DA:17,109
DA:19,109
DA:30,109
DA:41,109
DA:43,58
DA:44,9
DA:45,9
DA:48,49
DA:49,49
DA:52,49
DA:53,49
DA:54,49
DA:55,49
DA:56,7
DA:57,7
DA:58,42
DA:59,0
DA:60,0
DA:63,42
DA:66,0
DA:69,49
DA:70,35
DA:71,35
DA:72,15
DA:73,15
DA:76,20
DA:79,14
DA:82,49
DA:83,28
DA:84,28
DA:85,4
DA:86,4
DA:89,24
DA:92,21
DA:95,49
DA:96,21
DA:97,21
DA:98,3
DA:99,3
DA:102,18
DA:105,28
DA:108,49
DA:109,0
DA:110,0
DA:111,0
DA:114,0
DA:117,49
DA:120,49
DA:121,7
DA:123,2
DA:124,2
DA:126,5
DA:129,42
DA:132,49
DA:133,25
DA:135,24
DA:139,49
DA:140,0
DA:141,0
DA:142,0
DA:144,0
DA:145,0
DA:148,0
DA:150,0
DA:151,0
DA:154,0
DA:155,0
DA:156,0
DA:161,0
DA:162,0
DA:164,0
DA:167,49
DA:171,109
DA:172,49
DA:175,109
DA:176,1
DA:178,6
DA:180,1
DA:181,1
DA:194,1
DA:195,1
DA:198,109
DA:200,1
DA:202,1
DA:203,1
DA:206,109
LF:88
LH:67
BRDA:43,0,0,9
BRDA:43,0,1,49
BRDA:53,1,0,49
BRDA:53,1,1,0
BRDA:55,2,0,7
BRDA:55,2,1,42
BRDA:58,3,0,0
BRDA:58,3,1,42
BRDA:69,4,0,35
BRDA:69,4,1,14
BRDA:71,5,0,15
BRDA:71,5,1,20
BRDA:82,6,0,28
BRDA:82,6,1,21
BRDA:84,7,0,4
BRDA:84,7,1,24
BRDA:95,8,0,21
BRDA:95,8,1,28
BRDA:97,9,0,3
BRDA:97,9,1,18
BRDA:108,10,0,0
BRDA:108,10,1,49
BRDA:109,11,0,0
BRDA:109,11,1,0
BRDA:120,12,0,7
BRDA:120,12,1,42
BRDA:120,13,0,49
BRDA:120,13,1,14
BRDA:121,14,0,2
BRDA:121,14,1,5
BRDA:132,15,0,25
BRDA:132,15,1,24
BRDA:144,16,0,0
BRDA:144,16,1,0
BRDA:148,17,0,0
BRDA:148,17,1,0
BRDA:150,18,0,0
BRDA:150,18,1,0
BRDA:154,19,0,0
BRDA:154,19,1,0
BRDA:155,20,0,0
BRDA:155,20,1,0
BRDA:161,21,0,0
BRDA:161,21,1,0
BRF:44
BRH:27
end_of_record
TN:
SF:src\components\main\Main.js
FN:16,Main
FN:28,(anonymous_1)
FN:32,(anonymous_2)
FN:41,(anonymous_3)
FN:53,(anonymous_4)
FN:109,(anonymous_5)
FN:121,(anonymous_6)
FNF:7
FNH:5
FNDA:21,Main
FNDA:0,(anonymous_1)
FNDA:9,(anonymous_2)
FNDA:9,(anonymous_3)
FNDA:21,(anonymous_4)
FNDA:3,(anonymous_5)
FNDA:0,(anonymous_6)
DA:17,21
DA:19,21
DA:25,21
DA:26,21
DA:28,21
DA:29,0
DA:32,21
DA:33,9
DA:34,9
DA:35,9
DA:41,21
DA:42,9
DA:45,21
DA:53,21
DA:109,3
DA:121,0
LF:16
LH:14
BRDA:33,0,0,9
BRDA:33,0,1,0
BRDA:34,1,0,9
BRDA:34,1,1,0
BRF:4
BRH:2
end_of_record
TN:
SF:src\components\main\follow\Follow.js
FN:14,Follow
FN:23,(anonymous_1)
FN:31,(anonymous_2)
FN:35,(anonymous_3)
FN:39,(anonymous_4)
FN:46,(anonymous_5)
FN:75,(anonymous_6)
FN:87,(anonymous_7)
FN:136,(anonymous_8)
FNF:9
FNH:9
FNDA:66,Follow
FNDA:30,(anonymous_1)
FNDA:30,(anonymous_2)
FNDA:36,(anonymous_3)
FNDA:2,(anonymous_4)
FNDA:2,(anonymous_5)
FNDA:2,(anonymous_6)
FNDA:39,(anonymous_7)
FNDA:50,(anonymous_8)
DA:16,66
DA:17,66
DA:18,66
DA:19,66
DA:20,66
DA:21,66
DA:23,66
DA:24,30
DA:25,21
DA:26,21
DA:27,21
DA:31,66
DA:32,30
DA:35,66
DA:36,36
DA:39,66
DA:40,2
DA:41,2
DA:42,2
DA:46,66
DA:47,2
DA:48,2
DA:51,2
DA:55,2
DA:56,1
DA:57,1
DA:58,1
DA:59,1
DA:60,1
DA:61,1
DA:66,1
DA:68,1
DA:70,2
DA:75,66
DA:76,2
DA:77,2
DA:78,2
DA:80,2
DA:85,2
DA:87,66
DA:88,39
DA:89,39
DA:90,34
DA:130,39
DA:134,66
DA:136,50
LF:46
LH:46
BRDA:24,0,0,21
BRDA:24,0,1,9
BRDA:41,1,0,2
BRDA:41,1,1,0
BRDA:47,2,0,2
BRDA:47,2,1,0
BRDA:55,3,0,1
BRDA:55,3,1,1
BRDA:55,4,0,2
BRDA:55,4,1,2
BRDA:55,4,2,1
BRDA:55,4,3,1
BRF:12
BRH:10
end_of_record
TN:
SF:src\components\main\posts\Posts.js
FN:29,Posts
FN:61,(anonymous_1)
FN:74,(anonymous_2)
FN:77,(anonymous_3)
FN:78,(anonymous_4)
FN:83,(anonymous_5)
FN:87,(anonymous_6)
FN:108,(anonymous_7)
FN:111,(anonymous_8)
FN:115,(anonymous_9)
FN:118,(anonymous_10)
FN:122,(anonymous_11)
FN:127,(anonymous_12)
FN:155,(anonymous_13)
FN:158,(anonymous_14)
FN:163,(anonymous_15)
FN:171,(anonymous_16)
FN:253,(anonymous_17)
FN:257,(anonymous_18)
FN:265,(anonymous_19)
FN:273,(anonymous_20)
FN:281,(anonymous_21)
FN:289,(anonymous_22)
FN:296,(anonymous_23)
FN:312,(anonymous_24)
FN:316,(anonymous_25)
FN:321,(anonymous_26)
FN:327,(anonymous_27)
FN:331,(anonymous_28)
FN:492,(anonymous_29)
FNF:30
FNH:28
FNDA:76,Posts
FNDA:21,(anonymous_1)
FNDA:9,(anonymous_2)
FNDA:7,(anonymous_3)
FNDA:7,(anonymous_4)
FNDA:37,(anonymous_5)
FNDA:1000,(anonymous_6)
FNDA:2,(anonymous_7)
FNDA:2,(anonymous_8)
FNDA:2,(anonymous_9)
FNDA:2,(anonymous_10)
FNDA:0,(anonymous_11)
FNDA:3,(anonymous_12)
FNDA:1,(anonymous_13)
FNDA:1,(anonymous_14)
FNDA:0,(anonymous_15)
FNDA:39,(anonymous_16)
FNDA:1,(anonymous_17)
FNDA:40,(anonymous_18)
FNDA:40,(anonymous_19)
FNDA:40,(anonymous_20)
FNDA:40,(anonymous_21)
FNDA:40,(anonymous_22)
FNDA:40,(anonymous_23)
FNDA:1,(anonymous_24)
FNDA:9,(anonymous_25)
FNDA:21,(anonymous_26)
FNDA:16,(anonymous_27)
FNDA:38,(anonymous_28)
FNDA:971,(anonymous_29)
DA:30,76
DA:31,76
DA:32,76
DA:33,76
DA:34,76
DA:35,76
DA:36,76
DA:38,76
DA:39,76
DA:40,76
DA:41,76
DA:43,76
DA:44,76
DA:46,76
DA:51,76
DA:59,76
DA:61,76
DA:62,21
DA:63,21
DA:64,21
DA:65,21
DA:67,21
DA:68,21
DA:69,21
DA:74,76
DA:75,9
DA:76,9
DA:77,7
DA:79,7
DA:83,76
DA:84,37
DA:85,37
DA:86,37
DA:87,37
DA:88,1000
DA:89,100
DA:90,100
DA:91,100
DA:94,1000
DA:95,280
DA:96,280
DA:97,280
DA:100,37
DA:101,37
DA:102,37
DA:104,37
DA:105,37
DA:108,76
DA:109,2
DA:110,2
DA:111,2
DA:115,76
DA:116,2
DA:117,2
DA:118,2
DA:122,76
DA:123,0
DA:124,0
DA:127,76
DA:128,3
DA:129,1
DA:130,1
DA:131,1
DA:133,1
DA:134,1
DA:135,1
DA:137,1
DA:138,1
DA:139,1
DA:141,1
DA:142,1
DA:143,1
DA:145,1
DA:146,1
DA:147,1
DA:149,1
DA:151,1
DA:152,1
DA:154,2
DA:155,1
DA:157,2
DA:158,1
DA:163,76
DA:164,0
DA:165,0
DA:166,0
DA:167,0
DA:171,76
DA:172,39
DA:173,39
DA:174,431
DA:249,39
DA:253,76
DA:254,1
DA:255,1
DA:257,1
DA:258,40
DA:259,10
DA:260,10
DA:265,1
DA:266,40
DA:267,0
DA:268,0
DA:273,1
DA:274,40
DA:275,0
DA:276,0
DA:280,1
DA:281,1
DA:282,40
DA:283,10
DA:288,1
DA:289,1
DA:290,40
DA:291,10
DA:295,1
DA:296,1
DA:297,40
DA:298,10
DA:302,1
DA:303,1
DA:304,1
DA:306,1
DA:308,0
DA:312,76
DA:313,1
DA:316,76
DA:317,9
DA:321,76
DA:322,21
DA:323,21
DA:327,76
DA:328,16
DA:331,76
DA:332,38
DA:335,76
DA:492,971
LF:137
LH:126
BRDA:62,0,0,21
BRDA:62,0,1,0
BRDA:63,1,0,21
BRDA:63,1,1,0
BRDA:67,2,0,21
BRDA:67,2,1,0
BRDA:88,3,0,100
BRDA:88,3,1,900
BRDA:94,4,0,280
BRDA:94,4,1,720
BRDA:110,5,0,2
BRDA:110,5,1,0
BRDA:117,6,0,2
BRDA:117,6,1,0
BRDA:128,7,0,1
BRDA:128,7,1,2
BRDA:128,8,0,3
BRDA:128,8,1,2
BRDA:154,9,0,1
BRDA:154,9,1,1
BRDA:157,10,0,1
BRDA:157,10,1,1
BRDA:190,11,0,1
BRDA:190,11,1,430
BRDA:204,12,0,0
BRDA:204,12,1,431
BRDA:206,13,0,0
BRDA:206,13,1,431
BRDA:228,14,0,0
BRDA:228,14,1,431
BRDA:236,15,0,0
BRDA:236,15,1,431
BRDA:254,16,0,1
BRDA:254,16,1,0
BRDA:258,17,0,10
BRDA:258,17,1,30
BRDA:259,18,0,10
BRDA:259,18,1,0
BRDA:266,19,0,0
BRDA:266,19,1,40
BRDA:267,20,0,0
BRDA:267,20,1,0
BRDA:274,21,0,0
BRDA:274,21,1,40
BRDA:275,22,0,0
BRDA:275,22,1,0
BRDA:282,23,0,10
BRDA:282,23,1,30
BRDA:290,24,0,10
BRDA:290,24,1,30
BRDA:297,25,0,10
BRDA:297,25,1,30
BRF:52
BRH:35
end_of_record
TN:
SF:src\components\main\user\User.js
FN:20,User
FN:26,(anonymous_1)
FN:42,(anonymous_2)
FN:47,(anonymous_3)
FN:50,(anonymous_4)
FN:54,(anonymous_5)
FN:58,(anonymous_6)
FNF:7
FNH:6
FNDA:46,User
FNDA:18,(anonymous_1)
FNDA:1,(anonymous_2)
FNDA:0,(anonymous_3)
FNDA:18,(anonymous_4)
FNDA:1,(anonymous_5)
FNDA:1,(anonymous_6)
DA:21,46
DA:22,46
DA:23,46
DA:26,46
DA:27,18
DA:28,18
DA:29,18
DA:31,18
DA:32,18
DA:33,18
DA:39,46
DA:42,46
DA:43,1
DA:44,1
DA:47,46
DA:48,0
DA:50,46
DA:51,18
DA:54,46
DA:55,1
DA:58,46
DA:59,1
DA:60,1
DA:61,1
DA:62,1
DA:66,46
LF:26
LH:25
BRDA:27,0,0,18
BRDA:27,0,1,0
BRDA:28,1,0,18
BRDA:28,1,1,0
BRDA:31,2,0,18
BRDA:31,2,1,0
BRDA:32,3,0,18
BRDA:32,3,1,0
BRDA:59,4,0,1
BRDA:59,4,1,0
BRF:10
BRH:5
end_of_record
TN:
SF:src\components\profile\Profile.js
FN:17,Profile
FN:49,(anonymous_1)
FN:54,(anonymous_2)
FN:57,(anonymous_3)
FN:60,(anonymous_4)
FN:66,(anonymous_5)
FN:69,(anonymous_6)
FN:73,(anonymous_7)
FN:77,(anonymous_8)
FN:84,(anonymous_9)
FN:89,(anonymous_10)
FN:92,(anonymous_11)
FN:95,(anonymous_12)
FN:101,(anonymous_13)
FN:105,(anonymous_14)
FN:108,(anonymous_15)
FN:114,(anonymous_16)
FN:118,(anonymous_17)
FN:121,(anonymous_18)
FN:127,(anonymous_19)
FN:131,(anonymous_20)
FN:134,(anonymous_21)
FN:151,(anonymous_22)
FN:155,(anonymous_23)
FN:158,(anonymous_24)
FN:159,(anonymous_25)
FNF:26
FNH:22
FNDA:26,Profile
FNDA:4,(anonymous_1)
FNDA:1,(anonymous_2)
FNDA:1,(anonymous_3)
FNDA:1,(anonymous_4)
FNDA:4,(anonymous_5)
FNDA:1,(anonymous_6)
FNDA:6,(anonymous_7)
FNDA:11,(anonymous_8)
FNDA:6,(anonymous_9)
FNDA:0,(anonymous_10)
FNDA:6,(anonymous_11)
FNDA:0,(anonymous_12)
FNDA:0,(anonymous_13)
FNDA:1,(anonymous_14)
FNDA:5,(anonymous_15)
FNDA:1,(anonymous_16)
FNDA:1,(anonymous_17)
FNDA:4,(anonymous_18)
FNDA:1,(anonymous_19)
FNDA:1,(anonymous_20)
FNDA:4,(anonymous_21)
FNDA:0,(anonymous_22)
FNDA:5,(anonymous_23)
FNDA:5,(anonymous_24)
FNDA:5,(anonymous_25)
DA:18,26
DA:19,26
DA:20,26
DA:23,26
DA:32,26
DA:41,26
DA:49,26
DA:51,4
DA:53,4
DA:54,1
DA:56,4
DA:57,1
DA:59,4
DA:60,1
DA:63,4
DA:64,1
DA:66,4
DA:68,1
DA:69,1
DA:73,26
DA:74,6
DA:77,26
DA:79,11
DA:80,5
DA:81,5
DA:84,6
DA:85,6
DA:86,6
DA:87,6
DA:88,6
DA:89,0
DA:90,0
DA:92,6
DA:95,0
DA:98,6
DA:99,1
DA:100,1
DA:101,0
DA:102,0
DA:105,1
DA:108,5
DA:111,6
DA:112,2
DA:113,2
DA:114,1
DA:115,1
DA:118,1
DA:121,4
DA:124,6
DA:125,2
DA:126,2
DA:127,1
DA:128,1
DA:131,1
DA:134,4
DA:138,6
DA:139,4
DA:141,2
DA:144,6
DA:148,26
DA:151,26
DA:152,0
DA:155,26
DA:156,5
DA:157,5
DA:158,5
DA:159,5
DA:163,26
LF:68
LH:62
BRDA:53,0,0,1
BRDA:53,0,1,3
BRDA:56,1,0,1
BRDA:56,1,1,3
BRDA:59,2,0,1
BRDA:59,2,1,3
BRDA:63,3,0,1
BRDA:63,3,1,3
BRDA:79,4,0,5
BRDA:79,4,1,6
BRDA:86,5,0,6
BRDA:86,5,1,0
BRDA:88,6,0,0
BRDA:88,6,1,6
BRDA:98,7,0,1
BRDA:98,7,1,5
BRDA:100,8,0,0
BRDA:100,8,1,1
BRDA:111,9,0,2
BRDA:111,9,1,4
BRDA:113,10,0,1
BRDA:113,10,1,1
BRDA:124,11,0,2
BRDA:124,11,1,4
BRDA:126,12,0,1
BRDA:126,12,1,1
BRDA:138,13,0,4
BRDA:138,13,1,2
BRDA:156,14,0,5
BRDA:156,14,1,0
BRDA:157,15,0,5
BRDA:157,15,1,0
BRF:32
BRH:27
end_of_record
